2025-04-16 05:40:07,610 - safari_buddy - ERROR - DISCORD_TOKEN not found in environment variables. Please check your .env file.
2025-04-16 05:53:07,203 - safari_buddy - ERROR - An unexpected error occurred: object list can't be used in 'await' expression
Traceback (most recent call last):
  File "/home/begati/Desktop/safari-buddy/main.py", line 80, in <module>
    asyncio.run(main())
  File "/home/begati/anaconda3/lib/python3.12/asyncio/runners.py", line 194, in run
    return runner.run(main)
           ^^^^^^^^^^^^^^^^
  File "/home/begati/anaconda3/lib/python3.12/asyncio/runners.py", line 118, in run
    return self._loop.run_until_complete(task)
           ^^^^^^^^^^^^^^^^^^^^^^^^^^^^^^^^^^^
  File "/home/begati/anaconda3/lib/python3.12/asyncio/base_events.py", line 687, in run_until_complete
    return future.result()
           ^^^^^^^^^^^^^^^
  File "/home/begati/Desktop/safari-buddy/main.py", line 71, in main
    await load_extensions()
  File "/home/begati/Desktop/safari-buddy/main.py", line 54, in load_extensions
    await bot.load_extension(f'commands.{filename[:-3]}')
TypeError: object list can't be used in 'await' expression
2025-04-16 05:56:56,900 - safari_buddy - INFO - Loaded command extension: general
2025-04-16 05:56:56,903 - safari_buddy - INFO - Loaded event extension: twitch
2025-04-16 05:56:56,905 - safari_buddy - INFO - Loaded event extension: logging
2025-04-16 05:56:56,906 - safari_buddy - INFO - Loaded event extension: reactions
2025-04-16 05:56:56,906 - safari_buddy - INFO - Loaded event extension: welcome
2025-04-16 05:56:57,267 - safari_buddy.api - INFO - API server running at http://0.0.0.0:8000
2025-04-16 05:56:57,268 - safari_buddy.api - INFO - API server started on 0.0.0.0:8000
2025-04-16 05:56:57,268 - safari_buddy - INFO - Loaded API extension
2025-04-16 05:56:57,268 - discord.client - INFO - logging in using static token
2025-04-16 05:56:57,722 - safari_buddy - ERROR - An unexpected error occurred: Improper token has been passed.
Traceback (most recent call last):
  File "/home/begati/anaconda3/lib/python3.12/site-packages/discord/http.py", line 421, in static_login
    data = await self.request(Route("GET", "/users/@me"))
           ^^^^^^^^^^^^^^^^^^^^^^^^^^^^^^^^^^^^^^^^^^^^^^
  File "/home/begati/anaconda3/lib/python3.12/site-packages/discord/http.py", line 374, in request
    raise HTTPException(response, data)
discord.errors.HTTPException: 401 Unauthorized (error code: 0): 401: Unauthorized

The above exception was the direct cause of the following exception:

Traceback (most recent call last):
  File "/home/begati/Desktop/safari-buddy/main.py", line 80, in <module>
    asyncio.run(main())
  File "/home/begati/anaconda3/lib/python3.12/asyncio/runners.py", line 194, in run
    return runner.run(main)
           ^^^^^^^^^^^^^^^^
  File "/home/begati/anaconda3/lib/python3.12/asyncio/runners.py", line 118, in run
    return self._loop.run_until_complete(task)
           ^^^^^^^^^^^^^^^^^^^^^^^^^^^^^^^^^^^
  File "/home/begati/anaconda3/lib/python3.12/asyncio/base_events.py", line 687, in run_until_complete
    return future.result()
           ^^^^^^^^^^^^^^^
  File "/home/begati/Desktop/safari-buddy/main.py", line 72, in main
    await bot.start(TOKEN)
  File "/home/begati/anaconda3/lib/python3.12/site-packages/discord/client.py", line 724, in start
    await self.login(token)
  File "/home/begati/anaconda3/lib/python3.12/site-packages/discord/client.py", line 578, in login
    data = await self.http.static_login(token.strip())
           ^^^^^^^^^^^^^^^^^^^^^^^^^^^^^^^^^^^^^^^^^^^
  File "/home/begati/anaconda3/lib/python3.12/site-packages/discord/http.py", line 425, in static_login
    raise LoginFailure("Improper token has been passed.") from exc
discord.errors.LoginFailure: Improper token has been passed.
2025-04-16 06:00:52,095 - safari_buddy - INFO - Loaded command extension: general
2025-04-16 06:00:52,098 - safari_buddy - INFO - Loaded event extension: twitch
2025-04-16 06:00:52,099 - safari_buddy - INFO - Loaded event extension: logging
2025-04-16 06:00:52,100 - safari_buddy - INFO - Loaded event extension: reactions
2025-04-16 06:00:52,101 - safari_buddy - INFO - Loaded event extension: welcome
2025-04-16 06:00:52,516 - safari_buddy.api - INFO - API server running at http://0.0.0.0:8000
2025-04-16 06:00:52,516 - safari_buddy.api - INFO - API server started on 0.0.0.0:8000
2025-04-16 06:00:52,516 - safari_buddy - INFO - Loaded API extension
2025-04-16 06:00:52,516 - discord.client - INFO - logging in using static token
2025-04-16 06:00:53,661 - discord.gateway - INFO - Shard ID None has sent the IDENTIFY payload.
2025-04-16 06:00:54,236 - discord.gateway - INFO - Shard ID None has connected to Gateway: ["gateway-prd-us-east1-b-m2t1",{"micros":348853,"calls":["id_created",{"micros":435,"calls":[]},"session_lookup_time",{"micros":6160,"calls":[]},"session_lookup_finished",{"micros":14,"calls":[]},"discord-sessions-prd-2-94",{"micros":341894,"calls":["start_session",{"micros":331638,"calls":["discord-api-rpc-798fcb9cdd-xs4nk",{"micros":316219,"calls":["get_user",{"micros":176354},"get_guilds",{"micros":17435},"send_scheduled_deletion_message",{"micros":6},"guild_join_requests",{"micros":1447},"authorized_ip_coro",{"micros":7},"pending_payments",{"micros":918},"apex_user_experiments",{"micros":2}]}]},"starting_guild_connect",{"micros":37,"calls":[]},"presence_started",{"micros":1905,"calls":[]},"guilds_started",{"micros":1,"calls":[]},"lobbies_started",{"micros":0,"calls":[]},"guilds_connect",{"micros":1,"calls":[]},"presence_connect",{"micros":8300,"calls":[]},"connect_finished",{"micros":8304,"calls":[]},"build_ready",{"micros":8,"calls":[]},"clean_ready",{"micros":0,"calls":[]},"optimize_ready",{"micros":0,"calls":[]},"split_ready",{"micros":1,"calls":[]}]}]}] (Session ID: 75207e05869c186cee1c4feaaaef1324).
2025-04-16 06:00:56,239 - safari_buddy - INFO - Logged in as safari-buddy (1361879071885361194)
2025-04-16 06:00:56,240 - safari_buddy.api - INFO - API is available at http://0.0.0.0:8000
2025-04-16 06:00:57,736 - safari_buddy.twitch - ERROR - Failed to get Twitch API token. Status: 400
2025-04-16 06:03:34,356 - safari_buddy - INFO - Loaded command extension: general
2025-04-16 06:03:34,360 - safari_buddy.twitch - WARNING - Twitch credentials not provided or are default values. Live notifications disabled.
2025-04-16 06:03:34,360 - safari_buddy - INFO - Loaded event extension: twitch
2025-04-16 06:03:34,361 - safari_buddy - INFO - Loaded event extension: logging
2025-04-16 06:03:34,361 - safari_buddy - INFO - Loaded event extension: reactions
2025-04-16 06:03:34,362 - safari_buddy - INFO - Loaded event extension: welcome
2025-04-16 06:03:34,678 - safari_buddy.api - INFO - API server running at http://0.0.0.0:8000
2025-04-16 06:03:34,678 - safari_buddy.api - INFO - API server started on 0.0.0.0:8000
2025-04-16 06:03:34,678 - safari_buddy - INFO - Loaded API extension
2025-04-16 06:03:34,678 - discord.client - INFO - logging in using static token
2025-04-16 06:03:35,599 - discord.gateway - INFO - Shard ID None has sent the IDENTIFY payload.
2025-04-16 06:03:35,910 - discord.gateway - INFO - Shard ID None has connected to Gateway: ["gateway-prd-us-east1-b-thq6",{"micros":71098,"calls":["id_created",{"micros":407,"calls":[]},"session_lookup_time",{"micros":7062,"calls":[]},"session_lookup_finished",{"micros":14,"calls":[]},"discord-sessions-prd-2-16",{"micros":63271,"calls":["start_session",{"micros":41471,"calls":["discord-api-rpc-798fcb9cdd-6cdxf",{"micros":33810,"calls":["get_user",{"micros":6930},"get_guilds",{"micros":2561},"send_scheduled_deletion_message",{"micros":7},"guild_join_requests",{"micros":594},"authorized_ip_coro",{"micros":6},"pending_payments",{"micros":633},"apex_user_experiments",{"micros":2}]}]},"starting_guild_connect",{"micros":33,"calls":[]},"presence_started",{"micros":12314,"calls":[]},"guilds_started",{"micros":1,"calls":[]},"lobbies_started",{"micros":13,"calls":[]},"guilds_connect",{"micros":0,"calls":[]},"presence_connect",{"micros":9424,"calls":[]},"connect_finished",{"micros":9428,"calls":[]},"build_ready",{"micros":8,"calls":[]},"clean_ready",{"micros":1,"calls":[]},"optimize_ready",{"micros":0,"calls":[]},"split_ready",{"micros":1,"calls":[]}]}]}] (Session ID: ef59f328be216648ddcedf87534afd35).
2025-04-16 06:03:37,912 - safari_buddy - INFO - Logged in as safari-buddy (1361879071885361194)
2025-04-16 06:03:37,913 - safari_buddy.api - INFO - API is available at http://0.0.0.0:8000
2025-04-16 06:03:38,910 - safari_buddy - INFO - Command sync completed, but no commands were returned
2025-04-16 06:03:38,910 - safari_buddy - INFO - Bot is ready!
2025-04-16 06:27:02,944 - safari_buddy - INFO - Loaded command extension: general
2025-04-16 06:27:02,947 - safari_buddy.twitch - WARNING - Twitch credentials not provided or are default values. Live notifications disabled.
2025-04-16 06:27:02,948 - safari_buddy - INFO - Loaded event extension: twitch
2025-04-16 06:27:02,949 - safari_buddy - INFO - Loaded event extension: logging
2025-04-16 06:27:02,949 - safari_buddy - INFO - Loaded event extension: reactions
2025-04-16 06:27:02,950 - safari_buddy - INFO - Loaded event extension: welcome
2025-04-16 06:27:03,349 - safari_buddy.api - INFO - API server running at http://0.0.0.0:8000
2025-04-16 06:27:03,349 - safari_buddy.api - INFO - API server started on 0.0.0.0:8000
2025-04-16 06:27:03,350 - safari_buddy - INFO - Loaded API extension
2025-04-16 06:27:03,350 - discord.client - INFO - logging in using static token
2025-04-16 06:27:04,259 - discord.gateway - INFO - Shard ID None has sent the IDENTIFY payload.
2025-04-16 06:27:04,640 - discord.gateway - INFO - Shard ID None has connected to Gateway: ["gateway-prd-us-east1-b-bw0p",{"micros":164999,"calls":["id_created",{"micros":320,"calls":[]},"session_lookup_time",{"micros":6504,"calls":[]},"session_lookup_finished",{"micros":16,"calls":[]},"discord-sessions-prd-2-103",{"micros":157861,"calls":["start_session",{"micros":152159,"calls":["discord-api-rpc-798fcb9cdd-x2wb4",{"micros":141728,"calls":["get_user",{"micros":36306},"get_guilds",{"micros":7479},"send_scheduled_deletion_message",{"micros":5},"guild_join_requests",{"micros":1},"authorized_ip_coro",{"micros":7},"pending_payments",{"micros":1595},"apex_user_experiments",{"micros":2}]}]},"starting_guild_connect",{"micros":64,"calls":[]},"presence_started",{"micros":282,"calls":[]},"guilds_started",{"micros":1,"calls":[]},"lobbies_started",{"micros":1,"calls":[]},"guilds_connect",{"micros":0,"calls":[]},"presence_connect",{"micros":5339,"calls":[]},"connect_finished",{"micros":5343,"calls":[]},"build_ready",{"micros":9,"calls":[]},"clean_ready",{"micros":0,"calls":[]},"optimize_ready",{"micros":0,"calls":[]},"split_ready",{"micros":1,"calls":[]}]}]}] (Session ID: 74a0e5bd88f972cf923c6f6d482ef0b7).
2025-04-16 06:27:06,642 - safari_buddy - INFO - Logged in as safari-buddy (1361879071885361194)
2025-04-16 06:27:06,643 - safari_buddy.api - INFO - API is available at http://0.0.0.0:8000
2025-04-16 06:27:07,430 - safari_buddy - INFO - Command sync completed, but no commands were returned
2025-04-16 06:27:07,431 - safari_buddy - INFO - Bot is ready!
2025-04-16 06:35:51,568 - safari_buddy.twitch - ERROR - Error sending live notification to Chesssafari_: 'NoneType' object has no attribute 'get'
2025-04-16 06:50:29,878 - safari_buddy - INFO - Loaded command extension: general
2025-04-16 06:50:29,881 - safari_buddy.twitch - WARNING - Twitch credentials not provided or are default values. Live notifications disabled.
2025-04-16 06:50:29,881 - safari_buddy - INFO - Loaded event extension: twitch
2025-04-16 06:50:29,882 - safari_buddy - INFO - Loaded event extension: logging
2025-04-16 06:50:29,981 - apscheduler.scheduler - INFO - Adding job tentatively -- it will be properly scheduled when the scheduler starts
2025-04-16 06:50:29,982 - apscheduler.scheduler - INFO - Added job "daily_puzzle" to job store "default"
2025-04-16 06:50:29,982 - apscheduler.scheduler - INFO - Scheduler started
2025-04-16 06:50:29,982 - safari_buddy.puzzle - INFO - Daily puzzle scheduler started, will post at 09:00 Africa/Johannesburg
2025-04-16 06:50:29,982 - safari_buddy - INFO - Loaded event extension: puzzle
2025-04-16 06:50:29,983 - safari_buddy - INFO - Loaded event extension: reactions
2025-04-16 06:50:29,984 - safari_buddy - INFO - Loaded event extension: welcome
2025-04-16 06:50:30,297 - safari_buddy.api - INFO - API server running at http://0.0.0.0:8000
2025-04-16 06:50:30,297 - safari_buddy.api - INFO - API server started on 0.0.0.0:8000
2025-04-16 06:50:30,297 - safari_buddy - INFO - Loaded API extension
2025-04-16 06:50:30,297 - discord.client - INFO - logging in using static token
2025-04-16 06:50:30,397 - asyncio - ERROR - Task exception was never retrieved
future: <Task finished name='Task-2' coro=<Server.serve() done, defined at /home/begati/anaconda3/lib/python3.12/site-packages/uvicorn/server.py:63> exception=SystemExit(1)>
Traceback (most recent call last):
  File "/home/begati/anaconda3/lib/python3.12/site-packages/uvicorn/server.py", line 160, in startup
    server = await loop.create_server(
             ^^^^^^^^^^^^^^^^^^^^^^^^^
  File "/home/begati/anaconda3/lib/python3.12/asyncio/base_events.py", line 1571, in create_server
    raise OSError(err.errno, msg) from None
OSError: [Errno 98] error while attempting to bind on address ('0.0.0.0', 8000): [errno 98] address already in use

During handling of the above exception, another exception occurred:

Traceback (most recent call last):
  File "/home/begati/Desktop/safari-buddy/main.py", line 86, in <module>
    asyncio.run(main())
  File "/home/begati/anaconda3/lib/python3.12/asyncio/runners.py", line 194, in run
    return runner.run(main)
           ^^^^^^^^^^^^^^^^
  File "/home/begati/anaconda3/lib/python3.12/asyncio/runners.py", line 118, in run
    return self._loop.run_until_complete(task)
           ^^^^^^^^^^^^^^^^^^^^^^^^^^^^^^^^^^^
  File "/home/begati/anaconda3/lib/python3.12/asyncio/base_events.py", line 674, in run_until_complete
    self.run_forever()
  File "/home/begati/anaconda3/lib/python3.12/asyncio/base_events.py", line 641, in run_forever
    self._run_once()
  File "/home/begati/anaconda3/lib/python3.12/asyncio/base_events.py", line 1986, in _run_once
    handle._run()
  File "/home/begati/anaconda3/lib/python3.12/asyncio/events.py", line 88, in _run
    self._context.run(self._callback, *self._args)
  File "/home/begati/anaconda3/lib/python3.12/site-packages/uvicorn/server.py", line 78, in serve
    await self.startup(sockets=sockets)
  File "/home/begati/anaconda3/lib/python3.12/site-packages/uvicorn/server.py", line 170, in startup
    sys.exit(1)
SystemExit: 1
2025-04-16 06:50:47,381 - safari_buddy - INFO - Loaded command extension: general
2025-04-16 06:50:47,384 - safari_buddy.twitch - WARNING - Twitch credentials not provided or are default values. Live notifications disabled.
2025-04-16 06:50:47,384 - safari_buddy - INFO - Loaded event extension: twitch
2025-04-16 06:50:47,384 - safari_buddy - INFO - Loaded event extension: logging
2025-04-16 06:50:47,468 - apscheduler.scheduler - INFO - Adding job tentatively -- it will be properly scheduled when the scheduler starts
2025-04-16 06:50:47,469 - apscheduler.scheduler - INFO - Added job "daily_puzzle" to job store "default"
2025-04-16 06:50:47,469 - apscheduler.scheduler - INFO - Scheduler started
2025-04-16 06:50:47,469 - safari_buddy.puzzle - INFO - Daily puzzle scheduler started, will post at 09:00 Africa/Johannesburg
2025-04-16 06:50:47,469 - safari_buddy - INFO - Loaded event extension: puzzle
2025-04-16 06:50:47,470 - safari_buddy - INFO - Loaded event extension: reactions
2025-04-16 06:50:47,471 - safari_buddy - INFO - Loaded event extension: welcome
2025-04-16 06:50:47,765 - safari_buddy.api - INFO - API server running at http://0.0.0.0:8000
2025-04-16 06:50:47,766 - safari_buddy.api - INFO - API server started on 0.0.0.0:8000
2025-04-16 06:50:47,766 - safari_buddy - INFO - Loaded API extension
2025-04-16 06:50:47,766 - discord.client - INFO - logging in using static token
2025-04-16 06:50:47,882 - asyncio - ERROR - Task exception was never retrieved
future: <Task finished name='Task-2' coro=<Server.serve() done, defined at /home/begati/anaconda3/lib/python3.12/site-packages/uvicorn/server.py:63> exception=SystemExit(1)>
Traceback (most recent call last):
  File "/home/begati/anaconda3/lib/python3.12/site-packages/uvicorn/server.py", line 160, in startup
    server = await loop.create_server(
             ^^^^^^^^^^^^^^^^^^^^^^^^^
  File "/home/begati/anaconda3/lib/python3.12/asyncio/base_events.py", line 1571, in create_server
    raise OSError(err.errno, msg) from None
OSError: [Errno 98] error while attempting to bind on address ('0.0.0.0', 8000): [errno 98] address already in use

During handling of the above exception, another exception occurred:

Traceback (most recent call last):
  File "/home/begati/Desktop/safari-buddy/main.py", line 86, in <module>
    asyncio.run(main())
  File "/home/begati/anaconda3/lib/python3.12/asyncio/runners.py", line 194, in run
    return runner.run(main)
           ^^^^^^^^^^^^^^^^
  File "/home/begati/anaconda3/lib/python3.12/asyncio/runners.py", line 118, in run
    return self._loop.run_until_complete(task)
           ^^^^^^^^^^^^^^^^^^^^^^^^^^^^^^^^^^^
  File "/home/begati/anaconda3/lib/python3.12/asyncio/base_events.py", line 674, in run_until_complete
    self.run_forever()
  File "/home/begati/anaconda3/lib/python3.12/asyncio/base_events.py", line 641, in run_forever
    self._run_once()
  File "/home/begati/anaconda3/lib/python3.12/asyncio/base_events.py", line 1986, in _run_once
    handle._run()
  File "/home/begati/anaconda3/lib/python3.12/asyncio/events.py", line 88, in _run
    self._context.run(self._callback, *self._args)
  File "/home/begati/anaconda3/lib/python3.12/site-packages/uvicorn/server.py", line 78, in serve
    await self.startup(sockets=sockets)
  File "/home/begati/anaconda3/lib/python3.12/site-packages/uvicorn/server.py", line 170, in startup
    sys.exit(1)
SystemExit: 1
2025-04-16 06:53:50,954 - safari_buddy - INFO - Loaded command extension: general
2025-04-16 06:53:50,958 - safari_buddy.twitch - WARNING - Twitch credentials not provided or are default values. Live notifications disabled.
2025-04-16 06:53:50,958 - safari_buddy - INFO - Loaded event extension: twitch
2025-04-16 06:53:50,958 - safari_buddy - INFO - Loaded event extension: logging
2025-04-16 06:53:51,060 - apscheduler.scheduler - INFO - Adding job tentatively -- it will be properly scheduled when the scheduler starts
2025-04-16 06:53:51,061 - apscheduler.scheduler - INFO - Added job "daily_puzzle" to job store "default"
2025-04-16 06:53:51,061 - apscheduler.scheduler - INFO - Scheduler started
2025-04-16 06:53:51,061 - safari_buddy.puzzle - INFO - Daily puzzle scheduler started, will post at 09:00 Africa/Johannesburg
2025-04-16 06:53:51,061 - safari_buddy - INFO - Loaded event extension: puzzle
2025-04-16 06:53:51,062 - safari_buddy - INFO - Loaded event extension: reactions
2025-04-16 06:53:51,062 - safari_buddy - INFO - Loaded event extension: welcome
2025-04-16 06:53:51,373 - safari_buddy.api - INFO - API server running at http://0.0.0.0:8000
2025-04-16 06:53:51,373 - safari_buddy.api - INFO - API server started on 0.0.0.0:8000
2025-04-16 06:53:51,373 - safari_buddy - INFO - Loaded API extension
2025-04-16 06:53:51,374 - discord.client - INFO - logging in using static token
2025-04-16 06:53:51,473 - asyncio - ERROR - Task exception was never retrieved
future: <Task finished name='Task-2' coro=<Server.serve() done, defined at /home/begati/anaconda3/lib/python3.12/site-packages/uvicorn/server.py:63> exception=SystemExit(1)>
Traceback (most recent call last):
  File "/home/begati/anaconda3/lib/python3.12/site-packages/uvicorn/server.py", line 160, in startup
    server = await loop.create_server(
             ^^^^^^^^^^^^^^^^^^^^^^^^^
  File "/home/begati/anaconda3/lib/python3.12/asyncio/base_events.py", line 1571, in create_server
    raise OSError(err.errno, msg) from None
OSError: [Errno 98] error while attempting to bind on address ('0.0.0.0', 8000): [errno 98] address already in use

During handling of the above exception, another exception occurred:

Traceback (most recent call last):
  File "/home/begati/Desktop/safari-buddy/main.py", line 86, in <module>
    asyncio.run(main())
  File "/home/begati/anaconda3/lib/python3.12/asyncio/runners.py", line 194, in run
    return runner.run(main)
           ^^^^^^^^^^^^^^^^
  File "/home/begati/anaconda3/lib/python3.12/asyncio/runners.py", line 118, in run
    return self._loop.run_until_complete(task)
           ^^^^^^^^^^^^^^^^^^^^^^^^^^^^^^^^^^^
  File "/home/begati/anaconda3/lib/python3.12/asyncio/base_events.py", line 674, in run_until_complete
    self.run_forever()
  File "/home/begati/anaconda3/lib/python3.12/asyncio/base_events.py", line 641, in run_forever
    self._run_once()
  File "/home/begati/anaconda3/lib/python3.12/asyncio/base_events.py", line 1986, in _run_once
    handle._run()
  File "/home/begati/anaconda3/lib/python3.12/asyncio/events.py", line 88, in _run
    self._context.run(self._callback, *self._args)
  File "/home/begati/anaconda3/lib/python3.12/site-packages/uvicorn/server.py", line 78, in serve
    await self.startup(sockets=sockets)
  File "/home/begati/anaconda3/lib/python3.12/site-packages/uvicorn/server.py", line 170, in startup
    sys.exit(1)
SystemExit: 1
2025-04-16 06:54:22,884 - safari_buddy - INFO - Loaded command extension: general
2025-04-16 06:54:22,887 - safari_buddy.twitch - WARNING - Twitch credentials not provided or are default values. Live notifications disabled.
2025-04-16 06:54:22,887 - safari_buddy - INFO - Loaded event extension: twitch
2025-04-16 06:54:22,887 - safari_buddy - INFO - Loaded event extension: logging
2025-04-16 06:54:22,977 - apscheduler.scheduler - INFO - Adding job tentatively -- it will be properly scheduled when the scheduler starts
2025-04-16 06:54:22,977 - apscheduler.scheduler - INFO - Added job "daily_puzzle" to job store "default"
2025-04-16 06:54:22,978 - apscheduler.scheduler - INFO - Scheduler started
2025-04-16 06:54:22,978 - safari_buddy.puzzle - INFO - Daily puzzle scheduler started, will post at 09:00 Africa/Johannesburg
2025-04-16 06:54:22,978 - safari_buddy - INFO - Loaded event extension: puzzle
2025-04-16 06:54:22,979 - safari_buddy - INFO - Loaded event extension: reactions
2025-04-16 06:54:22,979 - safari_buddy - INFO - Loaded event extension: welcome
2025-04-16 06:54:23,282 - safari_buddy.api - INFO - API server running at http://0.0.0.0:8000
2025-04-16 06:54:23,282 - safari_buddy.api - INFO - API server started on 0.0.0.0:8000
2025-04-16 06:54:23,282 - safari_buddy - INFO - Loaded API extension
2025-04-16 06:54:23,282 - discord.client - INFO - logging in using static token
2025-04-16 06:54:26,323 - asyncio - ERROR - Task exception was never retrieved
future: <Task finished name='Task-2' coro=<Server.serve() done, defined at /home/begati/anaconda3/lib/python3.12/site-packages/uvicorn/server.py:63> exception=SystemExit(1)>
Traceback (most recent call last):
  File "/home/begati/anaconda3/lib/python3.12/site-packages/uvicorn/server.py", line 160, in startup
    server = await loop.create_server(
             ^^^^^^^^^^^^^^^^^^^^^^^^^
  File "/home/begati/anaconda3/lib/python3.12/asyncio/base_events.py", line 1571, in create_server
    raise OSError(err.errno, msg) from None
OSError: [Errno 98] error while attempting to bind on address ('0.0.0.0', 8000): [errno 98] address already in use

During handling of the above exception, another exception occurred:

Traceback (most recent call last):
  File "/home/begati/Desktop/safari-buddy/main.py", line 86, in <module>
    asyncio.run(main())
  File "/home/begati/anaconda3/lib/python3.12/asyncio/runners.py", line 194, in run
    return runner.run(main)
           ^^^^^^^^^^^^^^^^
  File "/home/begati/anaconda3/lib/python3.12/asyncio/runners.py", line 118, in run
    return self._loop.run_until_complete(task)
           ^^^^^^^^^^^^^^^^^^^^^^^^^^^^^^^^^^^
  File "/home/begati/anaconda3/lib/python3.12/asyncio/base_events.py", line 674, in run_until_complete
    self.run_forever()
  File "/home/begati/anaconda3/lib/python3.12/asyncio/base_events.py", line 641, in run_forever
    self._run_once()
  File "/home/begati/anaconda3/lib/python3.12/asyncio/base_events.py", line 1986, in _run_once
    handle._run()
  File "/home/begati/anaconda3/lib/python3.12/asyncio/events.py", line 88, in _run
    self._context.run(self._callback, *self._args)
  File "/home/begati/anaconda3/lib/python3.12/site-packages/uvicorn/server.py", line 78, in serve
    await self.startup(sockets=sockets)
  File "/home/begati/anaconda3/lib/python3.12/site-packages/uvicorn/server.py", line 170, in startup
    sys.exit(1)
SystemExit: 1
2025-04-16 06:54:42,044 - safari_buddy - INFO - Loaded command extension: general
2025-04-16 06:54:42,046 - safari_buddy.twitch - WARNING - Twitch credentials not provided or are default values. Live notifications disabled.
2025-04-16 06:54:42,046 - safari_buddy - INFO - Loaded event extension: twitch
2025-04-16 06:54:42,046 - safari_buddy - INFO - Loaded event extension: logging
2025-04-16 06:54:42,132 - apscheduler.scheduler - INFO - Adding job tentatively -- it will be properly scheduled when the scheduler starts
2025-04-16 06:54:42,132 - apscheduler.scheduler - INFO - Added job "daily_puzzle" to job store "default"
2025-04-16 06:54:42,132 - apscheduler.scheduler - INFO - Scheduler started
2025-04-16 06:54:42,132 - safari_buddy.puzzle - INFO - Daily puzzle scheduler started, will post at 09:00 Africa/Johannesburg
2025-04-16 06:54:42,133 - safari_buddy - INFO - Loaded event extension: puzzle
2025-04-16 06:54:42,133 - safari_buddy - INFO - Loaded event extension: reactions
2025-04-16 06:54:42,134 - safari_buddy - INFO - Loaded event extension: welcome
2025-04-16 06:54:42,448 - safari_buddy.api - INFO - API server running at http://0.0.0.0:8000
2025-04-16 06:54:42,448 - safari_buddy.api - INFO - API server started on 0.0.0.0:8000
2025-04-16 06:54:42,448 - safari_buddy - INFO - Loaded API extension
2025-04-16 06:54:42,448 - discord.client - INFO - logging in using static token
2025-04-16 06:54:42,560 - asyncio - ERROR - Task exception was never retrieved
future: <Task finished name='Task-2' coro=<Server.serve() done, defined at /home/begati/anaconda3/lib/python3.12/site-packages/uvicorn/server.py:63> exception=SystemExit(1)>
Traceback (most recent call last):
  File "/home/begati/anaconda3/lib/python3.12/site-packages/uvicorn/server.py", line 160, in startup
    server = await loop.create_server(
             ^^^^^^^^^^^^^^^^^^^^^^^^^
  File "/home/begati/anaconda3/lib/python3.12/asyncio/base_events.py", line 1571, in create_server
    raise OSError(err.errno, msg) from None
OSError: [Errno 98] error while attempting to bind on address ('0.0.0.0', 8000): [errno 98] address already in use

During handling of the above exception, another exception occurred:

Traceback (most recent call last):
  File "/home/begati/Desktop/safari-buddy/main.py", line 86, in <module>
    asyncio.run(main())
  File "/home/begati/anaconda3/lib/python3.12/asyncio/runners.py", line 194, in run
    return runner.run(main)
           ^^^^^^^^^^^^^^^^
  File "/home/begati/anaconda3/lib/python3.12/asyncio/runners.py", line 118, in run
    return self._loop.run_until_complete(task)
           ^^^^^^^^^^^^^^^^^^^^^^^^^^^^^^^^^^^
  File "/home/begati/anaconda3/lib/python3.12/asyncio/base_events.py", line 674, in run_until_complete
    self.run_forever()
  File "/home/begati/anaconda3/lib/python3.12/asyncio/base_events.py", line 641, in run_forever
    self._run_once()
  File "/home/begati/anaconda3/lib/python3.12/asyncio/base_events.py", line 1986, in _run_once
    handle._run()
  File "/home/begati/anaconda3/lib/python3.12/asyncio/events.py", line 88, in _run
    self._context.run(self._callback, *self._args)
  File "/home/begati/anaconda3/lib/python3.12/site-packages/uvicorn/server.py", line 78, in serve
    await self.startup(sockets=sockets)
  File "/home/begati/anaconda3/lib/python3.12/site-packages/uvicorn/server.py", line 170, in startup
    sys.exit(1)
SystemExit: 1
2025-04-16 06:57:42,284 - discord.client - WARNING - PyNaCl is not installed, voice will NOT be supported
2025-04-16 06:57:42,291 - safari_buddy - INFO - Loaded command extension: general
2025-04-16 06:57:42,296 - safari_buddy.twitch - WARNING - Twitch credentials not provided or are default values. Live notifications disabled.
2025-04-16 06:57:42,296 - safari_buddy - INFO - Loaded event extension: twitch
2025-04-16 06:57:42,297 - safari_buddy - INFO - Loaded event extension: logging
2025-04-16 06:57:42,299 - safari_buddy - ERROR - An unexpected error occurred: Extension 'events.puzzle' raised an error: ModuleNotFoundError: No module named 'apscheduler'
Traceback (most recent call last):
  File "/home/begati/Desktop/safari-buddy/.venv/lib/python3.10/site-packages/discord/cog.py", line 784, in _load_from_module_spec
    spec.loader.exec_module(lib)  # type: ignore
  File "<frozen importlib._bootstrap_external>", line 883, in exec_module
  File "<frozen importlib._bootstrap>", line 241, in _call_with_frames_removed
  File "/home/begati/Desktop/safari-buddy/events/puzzle.py", line 9, in <module>
    from apscheduler.schedulers.asyncio import AsyncIOScheduler
ModuleNotFoundError: No module named 'apscheduler'

The above exception was the direct cause of the following exception:

Traceback (most recent call last):
  File "/home/begati/Desktop/safari-buddy/main.py", line 86, in <module>
    asyncio.run(main())
  File "/usr/lib/python3.10/asyncio/runners.py", line 44, in run
    return loop.run_until_complete(main)
  File "/usr/lib/python3.10/asyncio/base_events.py", line 649, in run_until_complete
    return future.result()
  File "/home/begati/Desktop/safari-buddy/main.py", line 77, in main
    await load_extensions()
  File "/home/begati/Desktop/safari-buddy/main.py", line 66, in load_extensions
    bot.load_extension(f'events.{filename[:-3]}')
  File "/home/begati/Desktop/safari-buddy/.venv/lib/python3.10/site-packages/discord/cog.py", line 918, in load_extension
    self._load_from_module_spec(spec, name)
  File "/home/begati/Desktop/safari-buddy/.venv/lib/python3.10/site-packages/discord/cog.py", line 787, in _load_from_module_spec
    raise errors.ExtensionFailed(key, e) from e
discord.errors.ExtensionFailed: Extension 'events.puzzle' raised an error: ModuleNotFoundError: No module named 'apscheduler'
2025-04-16 06:58:19,890 - discord.client - WARNING - PyNaCl is not installed, voice will NOT be supported
2025-04-16 06:58:19,895 - safari_buddy - INFO - Loaded command extension: general
2025-04-16 06:58:19,899 - safari_buddy.twitch - WARNING - Twitch credentials not provided or are default values. Live notifications disabled.
2025-04-16 06:58:19,899 - safari_buddy - INFO - Loaded event extension: twitch
2025-04-16 06:58:19,900 - safari_buddy - INFO - Loaded event extension: logging
2025-04-16 06:58:19,901 - safari_buddy - ERROR - An unexpected error occurred: Extension 'events.puzzle' raised an error: ModuleNotFoundError: No module named 'apscheduler'
Traceback (most recent call last):
  File "/home/begati/Desktop/safari-buddy/.venv/lib/python3.10/site-packages/discord/cog.py", line 784, in _load_from_module_spec
    spec.loader.exec_module(lib)  # type: ignore
  File "<frozen importlib._bootstrap_external>", line 883, in exec_module
  File "<frozen importlib._bootstrap>", line 241, in _call_with_frames_removed
  File "/home/begati/Desktop/safari-buddy/events/puzzle.py", line 9, in <module>
    from apscheduler.schedulers.asyncio import AsyncIOScheduler
ModuleNotFoundError: No module named 'apscheduler'

The above exception was the direct cause of the following exception:

Traceback (most recent call last):
  File "/home/begati/Desktop/safari-buddy/main.py", line 86, in <module>
    asyncio.run(main())
  File "/usr/lib/python3.10/asyncio/runners.py", line 44, in run
    return loop.run_until_complete(main)
  File "/usr/lib/python3.10/asyncio/base_events.py", line 649, in run_until_complete
    return future.result()
  File "/home/begati/Desktop/safari-buddy/main.py", line 77, in main
    await load_extensions()
  File "/home/begati/Desktop/safari-buddy/main.py", line 66, in load_extensions
    bot.load_extension(f'events.{filename[:-3]}')
  File "/home/begati/Desktop/safari-buddy/.venv/lib/python3.10/site-packages/discord/cog.py", line 918, in load_extension
    self._load_from_module_spec(spec, name)
  File "/home/begati/Desktop/safari-buddy/.venv/lib/python3.10/site-packages/discord/cog.py", line 787, in _load_from_module_spec
    raise errors.ExtensionFailed(key, e) from e
discord.errors.ExtensionFailed: Extension 'events.puzzle' raised an error: ModuleNotFoundError: No module named 'apscheduler'
2025-04-16 06:58:24,334 - discord.client - WARNING - PyNaCl is not installed, voice will NOT be supported
2025-04-16 06:58:24,338 - safari_buddy - INFO - Loaded command extension: general
2025-04-16 06:58:24,341 - safari_buddy.twitch - WARNING - Twitch credentials not provided or are default values. Live notifications disabled.
2025-04-16 06:58:24,341 - safari_buddy - INFO - Loaded event extension: twitch
2025-04-16 06:58:24,342 - safari_buddy - INFO - Loaded event extension: logging
2025-04-16 06:58:24,342 - safari_buddy - ERROR - An unexpected error occurred: Extension 'events.puzzle' raised an error: ModuleNotFoundError: No module named 'apscheduler'
Traceback (most recent call last):
  File "/home/begati/Desktop/safari-buddy/.venv/lib/python3.10/site-packages/discord/cog.py", line 784, in _load_from_module_spec
    spec.loader.exec_module(lib)  # type: ignore
  File "<frozen importlib._bootstrap_external>", line 883, in exec_module
  File "<frozen importlib._bootstrap>", line 241, in _call_with_frames_removed
  File "/home/begati/Desktop/safari-buddy/events/puzzle.py", line 9, in <module>
    from apscheduler.schedulers.asyncio import AsyncIOScheduler
ModuleNotFoundError: No module named 'apscheduler'

The above exception was the direct cause of the following exception:

Traceback (most recent call last):
  File "/home/begati/Desktop/safari-buddy/main.py", line 86, in <module>
    asyncio.run(main())
  File "/usr/lib/python3.10/asyncio/runners.py", line 44, in run
    return loop.run_until_complete(main)
  File "/usr/lib/python3.10/asyncio/base_events.py", line 649, in run_until_complete
    return future.result()
  File "/home/begati/Desktop/safari-buddy/main.py", line 77, in main
    await load_extensions()
  File "/home/begati/Desktop/safari-buddy/main.py", line 66, in load_extensions
    bot.load_extension(f'events.{filename[:-3]}')
  File "/home/begati/Desktop/safari-buddy/.venv/lib/python3.10/site-packages/discord/cog.py", line 918, in load_extension
    self._load_from_module_spec(spec, name)
  File "/home/begati/Desktop/safari-buddy/.venv/lib/python3.10/site-packages/discord/cog.py", line 787, in _load_from_module_spec
    raise errors.ExtensionFailed(key, e) from e
discord.errors.ExtensionFailed: Extension 'events.puzzle' raised an error: ModuleNotFoundError: No module named 'apscheduler'
2025-04-16 06:58:49,992 - discord.client - WARNING - PyNaCl is not installed, voice will NOT be supported
2025-04-16 06:58:49,997 - safari_buddy - INFO - Loaded command extension: general
2025-04-16 06:58:49,999 - safari_buddy.twitch - WARNING - Twitch credentials not provided or are default values. Live notifications disabled.
2025-04-16 06:58:49,999 - safari_buddy - INFO - Loaded event extension: twitch
2025-04-16 06:58:50,000 - safari_buddy - INFO - Loaded event extension: logging
2025-04-16 06:58:50,031 - apscheduler.scheduler - INFO - Adding job tentatively -- it will be properly scheduled when the scheduler starts
2025-04-16 06:58:50,032 - apscheduler.scheduler - INFO - Added job "daily_puzzle" to job store "default"
2025-04-16 06:58:50,032 - apscheduler.scheduler - INFO - Scheduler started
2025-04-16 06:58:50,032 - safari_buddy.puzzle - INFO - Daily puzzle scheduler started, will post at 09:00 Africa/Johannesburg
2025-04-16 06:58:50,032 - safari_buddy - INFO - Loaded event extension: puzzle
2025-04-16 06:58:50,033 - safari_buddy - INFO - Loaded event extension: reactions
2025-04-16 06:58:50,035 - safari_buddy - INFO - Loaded event extension: welcome
2025-04-16 06:58:50,266 - safari_buddy.api - INFO - API server running at http://0.0.0.0:8000
2025-04-16 06:58:50,266 - safari_buddy.api - INFO - API server started on 0.0.0.0:8000
2025-04-16 06:58:50,266 - safari_buddy - INFO - Loaded API extension
2025-04-16 06:58:50,266 - discord.client - INFO - logging in using static token
2025-04-16 06:58:51,197 - discord.gateway - INFO - Shard ID None has sent the IDENTIFY payload.
2025-04-16 06:58:51,642 - discord.gateway - INFO - Shard ID None has connected to Gateway: ["gateway-prd-us-east1-d-15k4",{"micros":222092,"calls":["id_created",{"micros":479,"calls":[]},"session_lookup_time",{"micros":259,"calls":[]},"session_lookup_finished",{"micros":17,"calls":[]},"discord-sessions-prd-2-129",{"micros":221037,"calls":["start_session",{"micros":209142,"calls":["discord-api-rpc-798fcb9cdd-mzsm6",{"micros":193990,"calls":["get_user",{"micros":26690},"get_guilds",{"micros":29716},"send_scheduled_deletion_message",{"micros":5},"guild_join_requests",{"micros":1},"authorized_ip_coro",{"micros":7},"pending_payments",{"micros":986},"apex_user_experiments",{"micros":2}]}]},"starting_guild_connect",{"micros":62,"calls":[]},"presence_started",{"micros":1522,"calls":[]},"guilds_started",{"micros":69,"calls":[]},"lobbies_started",{"micros":1,"calls":[]},"guilds_connect",{"micros":1,"calls":[]},"presence_connect",{"micros":10212,"calls":[]},"connect_finished",{"micros":10215,"calls":[]},"build_ready",{"micros":24,"calls":[]},"clean_ready",{"micros":0,"calls":[]},"optimize_ready",{"micros":1,"calls":[]},"split_ready",{"micros":0,"calls":[]}]}]}] (Session ID: 2120b9e2375e9eede1316c2c0782b7aa).
2025-04-16 06:58:53,645 - safari_buddy - INFO - Logged in as safari-buddy (1361879071885361194)
2025-04-16 06:58:53,646 - safari_buddy.api - INFO - API is available at http://0.0.0.0:8000
2025-04-16 06:58:54,455 - safari_buddy - INFO - Command sync completed, but no commands were returned
2025-04-16 06:58:54,455 - safari_buddy - INFO - Bot is ready!
2025-04-16 07:04:31,566 - safari_buddy - INFO - Bot shutdown initiated by user
2025-04-16 07:04:31,601 - asyncio - ERROR - Task exception was never retrieved
future: <Task finished name='Task-2' coro=<Server.serve() done, defined at /home/begati/Desktop/safari-buddy/.venv/lib/python3.10/site-packages/uvicorn/server.py:68> exception=KeyboardInterrupt()>
Traceback (most recent call last):
  File "/home/begati/Desktop/safari-buddy/main.py", line 86, in <module>
    asyncio.run(main())
  File "/usr/lib/python3.10/asyncio/runners.py", line 44, in run
    return loop.run_until_complete(main)
  File "/usr/lib/python3.10/asyncio/base_events.py", line 636, in run_until_complete
    self.run_forever()
  File "/usr/lib/python3.10/asyncio/base_events.py", line 603, in run_forever
    self._run_once()
  File "/usr/lib/python3.10/asyncio/base_events.py", line 1909, in _run_once
    handle._run()
  File "/usr/lib/python3.10/asyncio/events.py", line 80, in _run
    self._context.run(self._callback, *self._args)
  File "/home/begati/Desktop/safari-buddy/.venv/lib/python3.10/site-packages/uvicorn/server.py", line 69, in serve
    with self.capture_signals():
  File "/usr/lib/python3.10/contextlib.py", line 142, in __exit__
    next(self.gen)
  File "/home/begati/Desktop/safari-buddy/.venv/lib/python3.10/site-packages/uvicorn/server.py", line 330, in capture_signals
    signal.raise_signal(captured_signal)
KeyboardInterrupt
2025-04-16 07:04:33,209 - discord.client - WARNING - PyNaCl is not installed, voice will NOT be supported
2025-04-16 07:04:33,214 - safari_buddy - INFO - Loaded command extension: general
2025-04-16 07:04:33,217 - safari_buddy.twitch - WARNING - Twitch credentials not provided or are default values. Live notifications disabled.
2025-04-16 07:04:33,217 - safari_buddy - INFO - Loaded event extension: twitch
2025-04-16 07:04:33,218 - safari_buddy - INFO - Loaded event extension: logging
2025-04-16 07:04:33,246 - apscheduler.scheduler - INFO - Adding job tentatively -- it will be properly scheduled when the scheduler starts
2025-04-16 07:04:33,246 - apscheduler.scheduler - INFO - Added job "daily_puzzle" to job store "default"
2025-04-16 07:04:33,247 - apscheduler.scheduler - INFO - Scheduler started
2025-04-16 07:04:33,247 - safari_buddy.puzzle - INFO - Daily puzzle scheduler started, will post at 09:00 Africa/Johannesburg
2025-04-16 07:04:33,247 - safari_buddy - INFO - Loaded event extension: puzzle
2025-04-16 07:04:33,248 - safari_buddy - INFO - Loaded event extension: reactions
2025-04-16 07:04:33,249 - safari_buddy - INFO - Loaded event extension: welcome
2025-04-16 07:04:33,505 - safari_buddy.api - INFO - API server running at http://0.0.0.0:8000
2025-04-16 07:04:33,506 - safari_buddy.api - INFO - API server started on 0.0.0.0:8000
2025-04-16 07:04:33,506 - safari_buddy - INFO - Loaded API extension
2025-04-16 07:04:33,506 - discord.client - INFO - logging in using static token
2025-04-16 07:04:34,413 - discord.gateway - INFO - Shard ID None has sent the IDENTIFY payload.
2025-04-16 07:04:34,764 - discord.gateway - INFO - Shard ID None has connected to Gateway: ["gateway-prd-us-east1-d-hgt3",{"micros":131868,"calls":["id_created",{"micros":508,"calls":[]},"session_lookup_time",{"micros":1398,"calls":[]},"session_lookup_finished",{"micros":14,"calls":[]},"discord-sessions-prd-2-51",{"micros":129546,"calls":["start_session",{"micros":111887,"calls":["discord-api-rpc-798fcb9cdd-lmx57",{"micros":88238,"calls":["get_user",{"micros":16543},"get_guilds",{"micros":6319},"send_scheduled_deletion_message",{"micros":8},"guild_join_requests",{"micros":1},"authorized_ip_coro",{"micros":6},"pending_payments",{"micros":3617},"apex_user_experiments",{"micros":1}]}]},"starting_guild_connect",{"micros":48,"calls":[]},"presence_started",{"micros":4036,"calls":[]},"guilds_started",{"micros":59,"calls":[]},"lobbies_started",{"micros":0,"calls":[]},"guilds_connect",{"micros":1,"calls":[]},"presence_connect",{"micros":13498,"calls":[]},"connect_finished",{"micros":13502,"calls":[]},"build_ready",{"micros":11,"calls":[]},"clean_ready",{"micros":1,"calls":[]},"optimize_ready",{"micros":0,"calls":[]},"split_ready",{"micros":1,"calls":[]}]}]}] (Session ID: bbd75ce523375ea51f1d3dcf9e76b77b).
2025-04-16 07:04:36,768 - safari_buddy - INFO - Logged in as safari-buddy (1361879071885361194)
2025-04-16 07:04:36,770 - safari_buddy.api - INFO - API is available at http://0.0.0.0:8000
2025-04-16 07:04:37,545 - safari_buddy - INFO - Command sync completed, but no commands were returned
2025-04-16 07:04:37,545 - safari_buddy - INFO - Bot is ready!
2025-04-16 07:04:48,652 - safari_buddy.reactions - ERROR - Error adding reaction: 403 Forbidden (error code: 50013): Missing Permissions
2025-04-16 07:05:19,953 - safari_buddy.puzzle - ERROR - Error invoking puzzle slash command: Application Command raised an exception: AttributeError: 'Context' object has no attribute 'interaction'
2025-04-16 07:13:27,361 - safari_buddy.puzzle - INFO - Successfully fetched daily puzzle: yFBmq
2025-04-16 07:13:27,362 - safari_buddy.puzzle - ERROR - Error posting puzzle via command: 'fen'
2025-04-16 07:13:36,775 - safari_buddy - INFO - Loaded command extension: general
2025-04-16 07:13:36,778 - safari_buddy.twitch - WARNING - Twitch credentials not provided or are default values. Live notifications disabled.
2025-04-16 07:13:36,778 - safari_buddy - INFO - Loaded event extension: twitch
2025-04-16 07:13:36,778 - safari_buddy - INFO - Loaded event extension: logging
2025-04-16 07:13:36,880 - apscheduler.scheduler - INFO - Adding job tentatively -- it will be properly scheduled when the scheduler starts
2025-04-16 07:13:36,881 - apscheduler.scheduler - INFO - Added job "daily_puzzle" to job store "default"
2025-04-16 07:13:36,881 - apscheduler.scheduler - INFO - Scheduler started
2025-04-16 07:13:36,881 - safari_buddy.puzzle - INFO - Daily puzzle scheduler started, will post at 09:00 Africa/Johannesburg
2025-04-16 07:13:36,882 - safari_buddy - INFO - Loaded event extension: puzzle
2025-04-16 07:13:36,882 - safari_buddy - INFO - Loaded event extension: reactions
2025-04-16 07:13:36,883 - safari_buddy - INFO - Loaded event extension: welcome
2025-04-16 07:13:37,235 - safari_buddy.api - INFO - API server running at http://0.0.0.0:8000
2025-04-16 07:13:37,235 - safari_buddy.api - INFO - API server started on 0.0.0.0:8000
2025-04-16 07:13:37,235 - safari_buddy - INFO - Loaded API extension
2025-04-16 07:13:37,235 - discord.client - INFO - logging in using static token
2025-04-16 07:13:37,335 - asyncio - ERROR - Task exception was never retrieved
future: <Task finished name='Task-2' coro=<Server.serve() done, defined at /home/begati/anaconda3/lib/python3.12/site-packages/uvicorn/server.py:63> exception=SystemExit(1)>
Traceback (most recent call last):
  File "/home/begati/anaconda3/lib/python3.12/site-packages/uvicorn/server.py", line 160, in startup
    server = await loop.create_server(
             ^^^^^^^^^^^^^^^^^^^^^^^^^
  File "/home/begati/anaconda3/lib/python3.12/asyncio/base_events.py", line 1571, in create_server
    raise OSError(err.errno, msg) from None
OSError: [Errno 98] error while attempting to bind on address ('0.0.0.0', 8000): [errno 98] address already in use

During handling of the above exception, another exception occurred:

Traceback (most recent call last):
  File "/home/begati/Desktop/safari-buddy/main.py", line 86, in <module>
    asyncio.run(main())
  File "/home/begati/anaconda3/lib/python3.12/asyncio/runners.py", line 194, in run
    return runner.run(main)
           ^^^^^^^^^^^^^^^^
  File "/home/begati/anaconda3/lib/python3.12/asyncio/runners.py", line 118, in run
    return self._loop.run_until_complete(task)
           ^^^^^^^^^^^^^^^^^^^^^^^^^^^^^^^^^^^
  File "/home/begati/anaconda3/lib/python3.12/asyncio/base_events.py", line 674, in run_until_complete
    self.run_forever()
  File "/home/begati/anaconda3/lib/python3.12/asyncio/base_events.py", line 641, in run_forever
    self._run_once()
  File "/home/begati/anaconda3/lib/python3.12/asyncio/base_events.py", line 1986, in _run_once
    handle._run()
  File "/home/begati/anaconda3/lib/python3.12/asyncio/events.py", line 88, in _run
    self._context.run(self._callback, *self._args)
  File "/home/begati/anaconda3/lib/python3.12/site-packages/uvicorn/server.py", line 78, in serve
    await self.startup(sockets=sockets)
  File "/home/begati/anaconda3/lib/python3.12/site-packages/uvicorn/server.py", line 170, in startup
    sys.exit(1)
SystemExit: 1
2025-04-16 07:16:20,011 - safari_buddy - INFO - Loaded command extension: general
2025-04-16 07:16:20,013 - safari_buddy.twitch - WARNING - Twitch credentials not provided or are default values. Live notifications disabled.
2025-04-16 07:16:20,014 - safari_buddy - INFO - Loaded event extension: twitch
2025-04-16 07:16:20,014 - safari_buddy - INFO - Loaded event extension: logging
2025-04-16 07:16:20,114 - apscheduler.scheduler - INFO - Adding job tentatively -- it will be properly scheduled when the scheduler starts
2025-04-16 07:16:20,115 - apscheduler.scheduler - INFO - Added job "daily_puzzle" to job store "default"
2025-04-16 07:16:20,115 - apscheduler.scheduler - INFO - Scheduler started
2025-04-16 07:16:20,115 - safari_buddy.puzzle - INFO - Daily puzzle scheduler started, will post at 09:00 Africa/Johannesburg
2025-04-16 07:16:20,115 - safari_buddy - INFO - Loaded event extension: puzzle
2025-04-16 07:16:20,116 - safari_buddy - INFO - Loaded event extension: reactions
2025-04-16 07:16:20,117 - safari_buddy - INFO - Loaded event extension: welcome
2025-04-16 07:16:20,487 - safari_buddy.api - INFO - API server running at http://0.0.0.0:8000
2025-04-16 07:16:20,487 - safari_buddy.api - INFO - API server started on 0.0.0.0:8000
2025-04-16 07:16:20,487 - safari_buddy - INFO - Loaded API extension
2025-04-16 07:16:20,487 - discord.client - INFO - logging in using static token
2025-04-16 07:16:21,484 - discord.gateway - INFO - Shard ID None has sent the IDENTIFY payload.
2025-04-16 07:16:21,818 - discord.gateway - INFO - Shard ID None has connected to Gateway: ["gateway-prd-us-east1-b-0wcc",{"micros":113684,"calls":["id_created",{"micros":319,"calls":[]},"session_lookup_time",{"micros":3693,"calls":[]},"session_lookup_finished",{"micros":11,"calls":[]},"discord-sessions-prd-2-97",{"micros":108546,"calls":["start_session",{"micros":61131,"calls":["discord-api-prd-canary-rpc-6d7d8fb567-k5gvb",{"micros":53416,"calls":["get_user",{"micros":8303},"get_guilds",{"micros":9328},"send_scheduled_deletion_message",{"micros":4},"guild_join_requests",{"micros":0},"authorized_ip_coro",{"micros":9},"pending_payments",{"micros":663},"apex_user_experiments",{"micros":2}]}]},"starting_guild_connect",{"micros":47,"calls":[]},"presence_started",{"micros":14384,"calls":[]},"guilds_started",{"micros":59,"calls":[]},"lobbies_started",{"micros":1,"calls":[]},"guilds_connect",{"micros":0,"calls":[]},"presence_connect",{"micros":32890,"calls":[]},"connect_finished",{"micros":32893,"calls":[]},"build_ready",{"micros":28,"calls":[]},"clean_ready",{"micros":1,"calls":[]},"optimize_ready",{"micros":0,"calls":[]},"split_ready",{"micros":0,"calls":[]}]}]}] (Session ID: f5eeb194bdfa8ff11e6b91bc22264dc7).
2025-04-16 07:16:23,824 - safari_buddy - INFO - Logged in as safari-buddy (1361879071885361194)
2025-04-16 07:16:23,825 - safari_buddy.api - INFO - API is available at http://0.0.0.0:8000
2025-04-16 07:16:24,673 - safari_buddy - INFO - Command sync completed, but no commands were returned
2025-04-16 07:16:24,673 - safari_buddy - INFO - Bot is ready!
2025-04-16 07:16:49,968 - safari_buddy.puzzle - INFO - Successfully fetched daily puzzle: yFBmq
2025-04-16 07:16:49,969 - safari_buddy.puzzle - ERROR - Error posting puzzle via command: 'fen'
2025-04-16 07:17:28,688 - safari_buddy.puzzle - ERROR - Failed to fetch random puzzle. Status: 404
2025-04-16 07:25:11,076 - discord.client - WARNING - PyNaCl is not installed, voice will NOT be supported
2025-04-16 07:25:11,081 - safari_buddy - INFO - Loaded command extension: general
2025-04-16 07:25:11,085 - safari_buddy.twitch - WARNING - Twitch credentials not provided or are default values. Live notifications disabled.
2025-04-16 07:25:11,086 - safari_buddy - INFO - Loaded event extension: twitch
2025-04-16 07:25:11,086 - safari_buddy - INFO - Loaded event extension: logging
2025-04-16 07:25:11,122 - apscheduler.scheduler - INFO - Adding job tentatively -- it will be properly scheduled when the scheduler starts
2025-04-16 07:25:11,123 - apscheduler.scheduler - INFO - Added job "daily_puzzle" to job store "default"
2025-04-16 07:25:11,123 - apscheduler.scheduler - INFO - Scheduler started
2025-04-16 07:25:11,124 - safari_buddy.puzzle - INFO - Daily puzzle scheduler started, will post at 09:00 Africa/Johannesburg
2025-04-16 07:25:11,124 - safari_buddy - INFO - Loaded event extension: puzzle
2025-04-16 07:25:11,125 - safari_buddy - INFO - Loaded event extension: reactions
2025-04-16 07:25:11,125 - safari_buddy - INFO - Loaded event extension: welcome
2025-04-16 07:25:11,415 - safari_buddy.api - INFO - API server running at http://0.0.0.0:8000
2025-04-16 07:25:11,415 - safari_buddy.api - INFO - API server started on 0.0.0.0:8000
2025-04-16 07:25:11,415 - safari_buddy - INFO - Loaded API extension
2025-04-16 07:25:11,415 - discord.client - INFO - logging in using static token
2025-04-16 07:25:12,349 - discord.gateway - INFO - Shard ID None has sent the IDENTIFY payload.
2025-04-16 07:25:12,682 - discord.gateway - INFO - Shard ID None has connected to Gateway: ["gateway-prd-us-east1-b-5x01",{"micros":109305,"calls":["id_created",{"micros":318,"calls":[]},"session_lookup_time",{"micros":249,"calls":[]},"session_lookup_finished",{"micros":12,"calls":[]},"discord-sessions-prd-2-73",{"micros":108396,"calls":["start_session",{"micros":70001,"calls":["discord-api-rpc-798fcb9cdd-qx9pm",{"micros":57400,"calls":["get_user",{"micros":18435},"get_guilds",{"micros":3190},"send_scheduled_deletion_message",{"micros":5},"guild_join_requests",{"micros":0},"authorized_ip_coro",{"micros":6},"pending_payments",{"micros":550},"apex_user_experiments",{"micros":1}]}]},"starting_guild_connect",{"micros":58,"calls":[]},"presence_started",{"micros":11287,"calls":[]},"guilds_started",{"micros":69,"calls":[]},"lobbies_started",{"micros":1,"calls":[]},"guilds_connect",{"micros":1,"calls":[]},"presence_connect",{"micros":26945,"calls":[]},"connect_finished",{"micros":26948,"calls":[]},"build_ready",{"micros":30,"calls":[]},"clean_ready",{"micros":0,"calls":[]},"optimize_ready",{"micros":0,"calls":[]},"split_ready",{"micros":1,"calls":[]}]}]}] (Session ID: d6fd586895ec2d12b3d2cee5841bdaa0).
2025-04-16 07:25:14,686 - safari_buddy - INFO - Logged in as safari-buddy (1361879071885361194)
2025-04-16 07:25:14,688 - safari_buddy.api - INFO - API is available at http://0.0.0.0:8000
2025-04-16 07:25:15,568 - safari_buddy - INFO - Command sync completed, but no commands were returned
2025-04-16 07:25:15,578 - safari_buddy - INFO - Bot is ready!
2025-04-16 07:25:28,570 - safari_buddy - INFO - Bot shutdown initiated by user
2025-04-16 07:25:28,589 - asyncio - ERROR - Task exception was never retrieved
future: <Task finished name='Task-2' coro=<Server.serve() done, defined at /home/begati/Desktop/safari-buddy/.venv/lib/python3.10/site-packages/uvicorn/server.py:68> exception=KeyboardInterrupt()>
Traceback (most recent call last):
  File "/home/begati/Desktop/safari-buddy/main.py", line 86, in <module>
    asyncio.run(main())
  File "/usr/lib/python3.10/asyncio/runners.py", line 44, in run
    return loop.run_until_complete(main)
  File "/usr/lib/python3.10/asyncio/base_events.py", line 636, in run_until_complete
    self.run_forever()
  File "/usr/lib/python3.10/asyncio/base_events.py", line 603, in run_forever
    self._run_once()
  File "/usr/lib/python3.10/asyncio/base_events.py", line 1909, in _run_once
    handle._run()
  File "/usr/lib/python3.10/asyncio/events.py", line 80, in _run
    self._context.run(self._callback, *self._args)
  File "/home/begati/Desktop/safari-buddy/.venv/lib/python3.10/site-packages/uvicorn/server.py", line 69, in serve
    with self.capture_signals():
  File "/usr/lib/python3.10/contextlib.py", line 142, in __exit__
    next(self.gen)
  File "/home/begati/Desktop/safari-buddy/.venv/lib/python3.10/site-packages/uvicorn/server.py", line 330, in capture_signals
    signal.raise_signal(captured_signal)
KeyboardInterrupt
2025-04-16 07:32:34,985 - discord.client - WARNING - PyNaCl is not installed, voice will NOT be supported
2025-04-16 07:32:34,989 - safari_buddy - INFO - Loaded command extension: general
2025-04-16 07:32:34,991 - safari_buddy.twitch - WARNING - Twitch credentials not provided or are default values. Live notifications disabled.
2025-04-16 07:32:34,992 - safari_buddy - INFO - Loaded event extension: twitch
2025-04-16 07:32:34,992 - safari_buddy - INFO - Loaded event extension: logging
2025-04-16 07:32:35,018 - apscheduler.scheduler - INFO - Adding job tentatively -- it will be properly scheduled when the scheduler starts
2025-04-16 07:32:35,019 - apscheduler.scheduler - INFO - Added job "daily_puzzle" to job store "default"
2025-04-16 07:32:35,019 - apscheduler.scheduler - INFO - Scheduler started
2025-04-16 07:32:35,019 - safari_buddy.puzzle - INFO - Daily puzzle scheduler started, will post at 09:00 Africa/Johannesburg
2025-04-16 07:32:35,020 - safari_buddy - INFO - Loaded event extension: puzzle
2025-04-16 07:32:35,020 - safari_buddy - INFO - Loaded event extension: reactions
2025-04-16 07:32:35,021 - safari_buddy - INFO - Loaded event extension: welcome
2025-04-16 07:32:35,253 - safari_buddy.api - INFO - API server running at http://0.0.0.0:8000
2025-04-16 07:32:35,254 - safari_buddy.api - INFO - API server started on 0.0.0.0:8000
2025-04-16 07:32:35,254 - safari_buddy - INFO - Loaded API extension
2025-04-16 07:32:35,254 - discord.client - INFO - logging in using static token
2025-04-16 07:32:36,240 - discord.gateway - INFO - Shard ID None has sent the IDENTIFY payload.
2025-04-16 07:32:36,872 - discord.gateway - INFO - Shard ID None has connected to Gateway: ["gateway-prd-us-east1-c-vfq4",{"micros":117140,"calls":["id_created",{"micros":417,"calls":[]},"session_lookup_time",{"micros":1344,"calls":[]},"session_lookup_finished",{"micros":17,"calls":[]},"discord-sessions-prd-2-2",{"micros":114027,"calls":["start_session",{"micros":95433,"calls":["discord-api-rpc-798fcb9cdd-vpwhx",{"micros":82654,"calls":["get_user",{"micros":17249},"get_guilds",{"micros":3863},"send_scheduled_deletion_message",{"micros":6},"guild_join_requests",{"micros":542},"authorized_ip_coro",{"micros":8},"pending_payments",{"micros":481},"apex_user_experiments",{"micros":1}]}]},"starting_guild_connect",{"micros":51,"calls":[]},"presence_started",{"micros":10097,"calls":[]},"guilds_started",{"micros":56,"calls":[]},"lobbies_started",{"micros":1,"calls":[]},"guilds_connect",{"micros":1,"calls":[]},"presence_connect",{"micros":8358,"calls":[]},"connect_finished",{"micros":8361,"calls":[]},"build_ready",{"micros":25,"calls":[]},"clean_ready",{"micros":1,"calls":[]},"optimize_ready",{"micros":0,"calls":[]},"split_ready",{"micros":0,"calls":[]}]}]}] (Session ID: 2aa29560473d41925d9995cc1c086569).
2025-04-16 07:32:38,878 - safari_buddy - INFO - Logged in as safari-buddy (1361879071885361194)
2025-04-16 07:32:38,879 - safari_buddy.api - INFO - API is available at http://0.0.0.0:8000
2025-04-16 07:32:39,752 - safari_buddy - INFO - Command sync completed, but no commands were returned
2025-04-16 07:32:39,753 - safari_buddy - INFO - Bot is ready!
2025-04-16 07:32:57,707 - safari_buddy.puzzle - INFO - Successfully fetched daily puzzle: yFBmq
2025-04-16 07:32:57,707 - safari_buddy.puzzle - ERROR - Error posting puzzle via command: 'fen'
2025-04-16 07:33:24,436 - discord.client - WARNING - PyNaCl is not installed, voice will NOT be supported
2025-04-16 07:33:24,442 - safari_buddy - INFO - Loaded command extension: general
2025-04-16 07:33:24,446 - safari_buddy.twitch - WARNING - Twitch credentials not provided or are default values. Live notifications disabled.
2025-04-16 07:33:24,446 - safari_buddy - INFO - Loaded event extension: twitch
2025-04-16 07:33:24,447 - safari_buddy - INFO - Loaded event extension: logging
2025-04-16 07:33:24,472 - apscheduler.scheduler - INFO - Adding job tentatively -- it will be properly scheduled when the scheduler starts
2025-04-16 07:33:24,473 - apscheduler.scheduler - INFO - Added job "daily_puzzle" to job store "default"
2025-04-16 07:33:24,473 - apscheduler.scheduler - INFO - Scheduler started
2025-04-16 07:33:24,473 - safari_buddy.puzzle - INFO - Daily puzzle scheduler started, will post at 09:00 Africa/Johannesburg
2025-04-16 07:33:24,473 - safari_buddy - INFO - Loaded event extension: puzzle
2025-04-16 07:33:24,474 - safari_buddy - INFO - Loaded event extension: reactions
2025-04-16 07:33:24,475 - safari_buddy - INFO - Loaded event extension: welcome
2025-04-16 07:33:24,750 - safari_buddy.api - INFO - API server running at http://0.0.0.0:8000
2025-04-16 07:33:24,750 - safari_buddy.api - INFO - API server started on 0.0.0.0:8000
2025-04-16 07:33:24,750 - safari_buddy - INFO - Loaded API extension
2025-04-16 07:33:24,750 - discord.client - INFO - logging in using static token
2025-04-16 07:33:24,877 - asyncio - ERROR - Task exception was never retrieved
future: <Task finished name='Task-2' coro=<Server.serve() done, defined at /home/begati/Desktop/safari-buddy/.venv/lib/python3.10/site-packages/uvicorn/server.py:68> exception=SystemExit(1)>
Traceback (most recent call last):
  File "/home/begati/Desktop/safari-buddy/.venv/lib/python3.10/site-packages/uvicorn/server.py", line 163, in startup
    server = await loop.create_server(
  File "/usr/lib/python3.10/asyncio/base_events.py", line 1519, in create_server
    raise OSError(err.errno, 'error while attempting '
OSError: [Errno 98] error while attempting to bind on address ('0.0.0.0', 8000): address already in use

During handling of the above exception, another exception occurred:

Traceback (most recent call last):
  File "/home/begati/Desktop/safari-buddy/main.py", line 86, in <module>
    asyncio.run(main())
  File "/usr/lib/python3.10/asyncio/runners.py", line 44, in run
    return loop.run_until_complete(main)
  File "/usr/lib/python3.10/asyncio/base_events.py", line 636, in run_until_complete
    self.run_forever()
  File "/usr/lib/python3.10/asyncio/base_events.py", line 603, in run_forever
    self._run_once()
  File "/usr/lib/python3.10/asyncio/base_events.py", line 1909, in _run_once
    handle._run()
  File "/usr/lib/python3.10/asyncio/events.py", line 80, in _run
    self._context.run(self._callback, *self._args)
  File "/home/begati/Desktop/safari-buddy/.venv/lib/python3.10/site-packages/uvicorn/server.py", line 70, in serve
    await self._serve(sockets)
  File "/home/begati/Desktop/safari-buddy/.venv/lib/python3.10/site-packages/uvicorn/server.py", line 85, in _serve
    await self.startup(sockets=sockets)
  File "/home/begati/Desktop/safari-buddy/.venv/lib/python3.10/site-packages/uvicorn/server.py", line 173, in startup
    sys.exit(1)
SystemExit: 1
2025-04-16 07:33:34,076 - discord.client - WARNING - PyNaCl is not installed, voice will NOT be supported
2025-04-16 07:33:34,081 - safari_buddy - INFO - Loaded command extension: general
2025-04-16 07:33:34,084 - safari_buddy.twitch - WARNING - Twitch credentials not provided or are default values. Live notifications disabled.
2025-04-16 07:33:34,084 - safari_buddy - INFO - Loaded event extension: twitch
2025-04-16 07:33:34,085 - safari_buddy - INFO - Loaded event extension: logging
2025-04-16 07:33:34,108 - apscheduler.scheduler - INFO - Adding job tentatively -- it will be properly scheduled when the scheduler starts
2025-04-16 07:33:34,109 - apscheduler.scheduler - INFO - Added job "daily_puzzle" to job store "default"
2025-04-16 07:33:34,109 - apscheduler.scheduler - INFO - Scheduler started
2025-04-16 07:33:34,109 - safari_buddy.puzzle - INFO - Daily puzzle scheduler started, will post at 09:00 Africa/Johannesburg
2025-04-16 07:33:34,109 - safari_buddy - INFO - Loaded event extension: puzzle
2025-04-16 07:33:34,110 - safari_buddy - INFO - Loaded event extension: reactions
2025-04-16 07:33:34,111 - safari_buddy - INFO - Loaded event extension: welcome
2025-04-16 07:33:34,349 - safari_buddy.api - INFO - API server running at http://0.0.0.0:8000
2025-04-16 07:33:34,349 - safari_buddy.api - INFO - API server started on 0.0.0.0:8000
2025-04-16 07:33:34,349 - safari_buddy - INFO - Loaded API extension
2025-04-16 07:33:34,350 - discord.client - INFO - logging in using static token
2025-04-16 07:33:34,463 - asyncio - ERROR - Task exception was never retrieved
future: <Task finished name='Task-2' coro=<Server.serve() done, defined at /home/begati/Desktop/safari-buddy/.venv/lib/python3.10/site-packages/uvicorn/server.py:68> exception=SystemExit(1)>
Traceback (most recent call last):
  File "/home/begati/Desktop/safari-buddy/.venv/lib/python3.10/site-packages/uvicorn/server.py", line 163, in startup
    server = await loop.create_server(
  File "/usr/lib/python3.10/asyncio/base_events.py", line 1519, in create_server
    raise OSError(err.errno, 'error while attempting '
OSError: [Errno 98] error while attempting to bind on address ('0.0.0.0', 8000): address already in use

During handling of the above exception, another exception occurred:

Traceback (most recent call last):
  File "/home/begati/Desktop/safari-buddy/main.py", line 86, in <module>
    asyncio.run(main())
  File "/usr/lib/python3.10/asyncio/runners.py", line 44, in run
    return loop.run_until_complete(main)
  File "/usr/lib/python3.10/asyncio/base_events.py", line 636, in run_until_complete
    self.run_forever()
  File "/usr/lib/python3.10/asyncio/base_events.py", line 603, in run_forever
    self._run_once()
  File "/usr/lib/python3.10/asyncio/base_events.py", line 1909, in _run_once
    handle._run()
  File "/usr/lib/python3.10/asyncio/events.py", line 80, in _run
    self._context.run(self._callback, *self._args)
  File "/home/begati/Desktop/safari-buddy/.venv/lib/python3.10/site-packages/uvicorn/server.py", line 70, in serve
    await self._serve(sockets)
  File "/home/begati/Desktop/safari-buddy/.venv/lib/python3.10/site-packages/uvicorn/server.py", line 85, in _serve
    await self.startup(sockets=sockets)
  File "/home/begati/Desktop/safari-buddy/.venv/lib/python3.10/site-packages/uvicorn/server.py", line 173, in startup
    sys.exit(1)
SystemExit: 1
2025-04-16 07:34:40,722 - safari_buddy - INFO - Bot shutdown initiated by user
2025-04-16 07:34:40,749 - asyncio - ERROR - Task exception was never retrieved
future: <Task finished name='Task-2' coro=<Server.serve() done, defined at /home/begati/Desktop/safari-buddy/.venv/lib/python3.10/site-packages/uvicorn/server.py:68> exception=KeyboardInterrupt()>
Traceback (most recent call last):
  File "/home/begati/Desktop/safari-buddy/main.py", line 86, in <module>
    asyncio.run(main())
  File "/usr/lib/python3.10/asyncio/runners.py", line 44, in run
    return loop.run_until_complete(main)
  File "/usr/lib/python3.10/asyncio/base_events.py", line 636, in run_until_complete
    self.run_forever()
  File "/usr/lib/python3.10/asyncio/base_events.py", line 603, in run_forever
    self._run_once()
  File "/usr/lib/python3.10/asyncio/base_events.py", line 1909, in _run_once
    handle._run()
  File "/usr/lib/python3.10/asyncio/events.py", line 80, in _run
    self._context.run(self._callback, *self._args)
  File "/home/begati/Desktop/safari-buddy/.venv/lib/python3.10/site-packages/uvicorn/server.py", line 69, in serve
    with self.capture_signals():
  File "/usr/lib/python3.10/contextlib.py", line 142, in __exit__
    next(self.gen)
  File "/home/begati/Desktop/safari-buddy/.venv/lib/python3.10/site-packages/uvicorn/server.py", line 330, in capture_signals
    signal.raise_signal(captured_signal)
KeyboardInterrupt
2025-04-16 07:39:20,106 - discord.client - WARNING - PyNaCl is not installed, voice will NOT be supported
2025-04-16 07:39:20,109 - safari_buddy - INFO - Loaded command extension: general
2025-04-16 07:39:20,112 - safari_buddy.twitch - WARNING - Twitch credentials not provided or are default values. Live notifications disabled.
2025-04-16 07:39:20,112 - safari_buddy - INFO - Loaded event extension: twitch
2025-04-16 07:39:20,113 - safari_buddy - INFO - Loaded event extension: logging
2025-04-16 07:39:20,139 - apscheduler.scheduler - INFO - Adding job tentatively -- it will be properly scheduled when the scheduler starts
2025-04-16 07:39:20,140 - apscheduler.scheduler - INFO - Added job "daily_puzzle" to job store "default"
2025-04-16 07:39:20,140 - apscheduler.scheduler - INFO - Scheduler started
2025-04-16 07:39:20,140 - safari_buddy.puzzle - INFO - Daily puzzle scheduler started, will post at 09:00 Africa/Johannesburg
2025-04-16 07:39:20,141 - safari_buddy - INFO - Loaded event extension: puzzle
2025-04-16 07:39:20,142 - safari_buddy - INFO - Loaded event extension: reactions
2025-04-16 07:39:20,142 - safari_buddy - INFO - Loaded event extension: welcome
2025-04-16 07:39:20,364 - safari_buddy.api - INFO - API server running at http://0.0.0.0:8000
2025-04-16 07:39:20,364 - safari_buddy.api - INFO - API server started on 0.0.0.0:8000
2025-04-16 07:39:20,364 - safari_buddy - INFO - Loaded API extension
2025-04-16 07:39:20,364 - discord.client - INFO - logging in using static token
2025-04-16 07:39:21,300 - discord.gateway - INFO - Shard ID None has sent the IDENTIFY payload.
2025-04-16 07:39:21,623 - discord.gateway - INFO - Shard ID None has connected to Gateway: ["gateway-prd-us-east1-c-25lz",{"micros":102887,"calls":["id_created",{"micros":600,"calls":[]},"session_lookup_time",{"micros":327,"calls":[]},"session_lookup_finished",{"micros":24,"calls":[]},"discord-sessions-prd-2-20",{"micros":101494,"calls":["start_session",{"micros":40964,"calls":["discord-api-rpc-798fcb9cdd-4jfgn",{"micros":33926,"calls":["get_user",{"micros":5921},"get_guilds",{"micros":3122},"send_scheduled_deletion_message",{"micros":6},"guild_join_requests",{"micros":952},"authorized_ip_coro",{"micros":8},"pending_payments",{"micros":609},"apex_user_experiments",{"micros":2}]}]},"starting_guild_connect",{"micros":57,"calls":[]},"presence_started",{"micros":29625,"calls":[]},"guilds_started",{"micros":53,"calls":[]},"lobbies_started",{"micros":1,"calls":[]},"guilds_connect",{"micros":1,"calls":[]},"presence_connect",{"micros":30761,"calls":[]},"connect_finished",{"micros":30765,"calls":[]},"build_ready",{"micros":26,"calls":[]},"clean_ready",{"micros":1,"calls":[]},"optimize_ready",{"micros":0,"calls":[]},"split_ready",{"micros":1,"calls":[]}]}]}] (Session ID: 27e571d1dacb0ca99657b60c61d203c5).
2025-04-16 07:39:23,625 - safari_buddy - INFO - Logged in as safari-buddy (1361879071885361194)
2025-04-16 07:39:23,626 - safari_buddy.api - INFO - API is available at http://0.0.0.0:8000
2025-04-16 07:39:24,514 - safari_buddy - INFO - Command sync completed, but no commands were returned
2025-04-16 07:39:24,515 - safari_buddy - INFO - Bot is ready!
2025-04-16 07:39:38,042 - safari_buddy.puzzle - INFO - Successfully fetched daily puzzle: yFBmq
2025-04-16 07:39:38,909 - safari_buddy.puzzle - ERROR - Error posting puzzle via command: 403 Forbidden (error code: 50013): Missing Permissions
Traceback (most recent call last):
  File "/home/begati/Desktop/safari-buddy/events/puzzle.py", line 351, in puzzle_slash
    await message.add_reaction("")
  File "/home/begati/Desktop/safari-buddy/.venv/lib/python3.10/site-packages/discord/message.py", line 1750, in add_reaction
    await self._state.http.add_reaction(self.channel.id, self.id, emoji)
  File "/home/begati/Desktop/safari-buddy/.venv/lib/python3.10/site-packages/discord/http.py", line 368, in request
    raise Forbidden(response, data)
discord.errors.Forbidden: 403 Forbidden (error code: 50013): Missing Permissions
2025-04-16 07:42:01,878 - safari_buddy.puzzle - INFO - Successfully fetched daily puzzle: yFBmq
2025-04-16 07:42:01,879 - safari_buddy.puzzle - ERROR - Error posting puzzle via command: 'fen'
2025-04-16 07:42:33,762 - safari_buddy.puzzle - ERROR - Failed to fetch random puzzle. Status: 404
2025-04-16 07:42:44,525 - safari_buddy.puzzle - INFO - Successfully fetched daily puzzle: yFBmq
2025-04-16 07:42:45,377 - safari_buddy.puzzle - ERROR - Error posting puzzle via command: 403 Forbidden (error code: 50013): Missing Permissions
Traceback (most recent call last):
  File "/home/begati/Desktop/safari-buddy/events/puzzle.py", line 351, in puzzle_slash
    await message.add_reaction("")
  File "/home/begati/Desktop/safari-buddy/.venv/lib/python3.10/site-packages/discord/message.py", line 1750, in add_reaction
    await self._state.http.add_reaction(self.channel.id, self.id, emoji)
  File "/home/begati/Desktop/safari-buddy/.venv/lib/python3.10/site-packages/discord/http.py", line 368, in request
    raise Forbidden(response, data)
discord.errors.Forbidden: 403 Forbidden (error code: 50013): Missing Permissions
2025-04-16 07:43:06,332 - safari_buddy - INFO - Bot shutdown initiated by user
2025-04-16 07:43:06,355 - asyncio - ERROR - Task exception was never retrieved
future: <Task finished name='Task-2' coro=<Server.serve() done, defined at /home/begati/Desktop/safari-buddy/.venv/lib/python3.10/site-packages/uvicorn/server.py:68> exception=KeyboardInterrupt()>
Traceback (most recent call last):
  File "/home/begati/Desktop/safari-buddy/main.py", line 86, in <module>
    asyncio.run(main())
  File "/usr/lib/python3.10/asyncio/runners.py", line 44, in run
    return loop.run_until_complete(main)
  File "/usr/lib/python3.10/asyncio/base_events.py", line 636, in run_until_complete
    self.run_forever()
  File "/usr/lib/python3.10/asyncio/base_events.py", line 603, in run_forever
    self._run_once()
  File "/usr/lib/python3.10/asyncio/base_events.py", line 1909, in _run_once
    handle._run()
  File "/usr/lib/python3.10/asyncio/events.py", line 80, in _run
    self._context.run(self._callback, *self._args)
  File "/home/begati/Desktop/safari-buddy/.venv/lib/python3.10/site-packages/uvicorn/server.py", line 69, in serve
    with self.capture_signals():
  File "/usr/lib/python3.10/contextlib.py", line 142, in __exit__
    next(self.gen)
  File "/home/begati/Desktop/safari-buddy/.venv/lib/python3.10/site-packages/uvicorn/server.py", line 330, in capture_signals
    signal.raise_signal(captured_signal)
KeyboardInterrupt
2025-04-16 07:43:34,507 - discord.client - WARNING - PyNaCl is not installed, voice will NOT be supported
2025-04-16 07:43:34,512 - safari_buddy - INFO - Loaded command extension: general
2025-04-16 07:43:34,516 - safari_buddy.twitch - WARNING - Twitch credentials not provided or are default values. Live notifications disabled.
2025-04-16 07:43:34,516 - safari_buddy - INFO - Loaded event extension: twitch
2025-04-16 07:43:34,517 - safari_buddy - INFO - Loaded event extension: logging
2025-04-16 07:43:34,540 - apscheduler.scheduler - INFO - Adding job tentatively -- it will be properly scheduled when the scheduler starts
2025-04-16 07:43:34,541 - apscheduler.scheduler - INFO - Added job "daily_puzzle" to job store "default"
2025-04-16 07:43:34,541 - apscheduler.scheduler - INFO - Scheduler started
2025-04-16 07:43:34,541 - safari_buddy.puzzle - INFO - Daily puzzle scheduler started, will post at 09:00 Africa/Johannesburg
2025-04-16 07:43:34,541 - safari_buddy - INFO - Loaded event extension: puzzle
2025-04-16 07:43:34,542 - safari_buddy - INFO - Loaded event extension: reactions
2025-04-16 07:43:34,543 - safari_buddy - INFO - Loaded event extension: welcome
2025-04-16 07:43:34,805 - safari_buddy.api - INFO - API server running at http://0.0.0.0:8000
2025-04-16 07:43:34,805 - safari_buddy.api - INFO - API server started on 0.0.0.0:8000
2025-04-16 07:43:34,806 - safari_buddy - INFO - Loaded API extension
2025-04-16 07:43:34,806 - discord.client - INFO - logging in using static token
2025-04-16 07:43:35,750 - discord.gateway - INFO - Shard ID None has sent the IDENTIFY payload.
2025-04-16 07:43:36,026 - discord.gateway - INFO - Shard ID None has connected to Gateway: ["gateway-prd-us-east1-b-xzsg",{"micros":50498,"calls":["id_created",{"micros":412,"calls":[]},"session_lookup_time",{"micros":2623,"calls":[]},"session_lookup_finished",{"micros":14,"calls":[]},"discord-sessions-prd-2-61",{"micros":47122,"calls":["start_session",{"micros":35174,"calls":["discord-api-rpc-798fcb9cdd-v9fv7",{"micros":29469,"calls":["get_user",{"micros":4337},"get_guilds",{"micros":2382},"send_scheduled_deletion_message",{"micros":5},"guild_join_requests",{"micros":479},"authorized_ip_coro",{"micros":6},"pending_payments",{"micros":507},"apex_user_experiments",{"micros":1}]}]},"starting_guild_connect",{"micros":54,"calls":[]},"presence_started",{"micros":8639,"calls":[]},"guilds_started",{"micros":53,"calls":[]},"lobbies_started",{"micros":1,"calls":[]},"guilds_connect",{"micros":1,"calls":[]},"presence_connect",{"micros":3175,"calls":[]},"connect_finished",{"micros":3178,"calls":[]},"build_ready",{"micros":21,"calls":[]},"clean_ready",{"micros":0,"calls":[]},"optimize_ready",{"micros":1,"calls":[]},"split_ready",{"micros":0,"calls":[]}]}]}] (Session ID: eb8ba6d8427da7a7ff9787dcfc5d0bfa).
2025-04-16 07:43:38,036 - safari_buddy - INFO - Logged in as safari-buddy (1361879071885361194)
2025-04-16 07:43:38,037 - safari_buddy.api - INFO - API is available at http://0.0.0.0:8000
2025-04-16 07:43:38,745 - safari_buddy - INFO - Bot shutdown initiated by user
2025-04-16 07:43:38,778 - asyncio - ERROR - Task exception was never retrieved
future: <Task finished name='Task-2' coro=<Server.serve() done, defined at /home/begati/Desktop/safari-buddy/.venv/lib/python3.10/site-packages/uvicorn/server.py:68> exception=KeyboardInterrupt()>
Traceback (most recent call last):
  File "/home/begati/Desktop/safari-buddy/main.py", line 86, in <module>
    asyncio.run(main())
  File "/usr/lib/python3.10/asyncio/runners.py", line 44, in run
    return loop.run_until_complete(main)
  File "/usr/lib/python3.10/asyncio/base_events.py", line 636, in run_until_complete
    self.run_forever()
  File "/usr/lib/python3.10/asyncio/base_events.py", line 603, in run_forever
    self._run_once()
  File "/usr/lib/python3.10/asyncio/base_events.py", line 1909, in _run_once
    handle._run()
  File "/usr/lib/python3.10/asyncio/events.py", line 80, in _run
    self._context.run(self._callback, *self._args)
  File "/home/begati/Desktop/safari-buddy/.venv/lib/python3.10/site-packages/uvicorn/server.py", line 69, in serve
    with self.capture_signals():
  File "/usr/lib/python3.10/contextlib.py", line 142, in __exit__
    next(self.gen)
  File "/home/begati/Desktop/safari-buddy/.venv/lib/python3.10/site-packages/uvicorn/server.py", line 330, in capture_signals
    signal.raise_signal(captured_signal)
KeyboardInterrupt
2025-04-16 07:46:43,829 - discord.client - WARNING - PyNaCl is not installed, voice will NOT be supported
2025-04-16 07:46:43,833 - safari_buddy - INFO - Loaded command extension: general
2025-04-16 07:46:43,837 - safari_buddy.twitch - WARNING - Twitch credentials not provided or are default values. Live notifications disabled.
2025-04-16 07:46:43,838 - safari_buddy - INFO - Loaded event extension: twitch
2025-04-16 07:46:43,838 - safari_buddy - INFO - Loaded event extension: logging
2025-04-16 07:46:43,863 - apscheduler.scheduler - INFO - Adding job tentatively -- it will be properly scheduled when the scheduler starts
2025-04-16 07:46:43,863 - apscheduler.scheduler - INFO - Added job "daily_puzzle" to job store "default"
2025-04-16 07:46:43,864 - apscheduler.scheduler - INFO - Scheduler started
2025-04-16 07:46:43,864 - safari_buddy.puzzle - INFO - Daily puzzle scheduler started, will post at 09:00 Africa/Johannesburg
2025-04-16 07:46:43,864 - safari_buddy - INFO - Loaded event extension: puzzle
2025-04-16 07:46:43,865 - safari_buddy - INFO - Loaded event extension: reactions
2025-04-16 07:46:43,866 - safari_buddy - INFO - Loaded event extension: welcome
2025-04-16 07:46:44,125 - safari_buddy.api - INFO - API server running at http://0.0.0.0:8000
2025-04-16 07:46:44,125 - safari_buddy.api - INFO - API server started on 0.0.0.0:8000
2025-04-16 07:46:44,125 - safari_buddy - INFO - Loaded API extension
2025-04-16 07:46:44,125 - discord.client - INFO - logging in using static token
2025-04-16 07:46:45,054 - discord.gateway - INFO - Shard ID None has sent the IDENTIFY payload.
2025-04-16 07:46:45,330 - discord.gateway - INFO - Shard ID None has connected to Gateway: ["gateway-prd-us-east1-b-scbm",{"micros":54514,"calls":["id_created",{"micros":321,"calls":[]},"session_lookup_time",{"micros":6650,"calls":[]},"session_lookup_finished",{"micros":21,"calls":[]},"discord-sessions-prd-2-52",{"micros":47202,"calls":["start_session",{"micros":38677,"calls":["discord-api-rpc-798fcb9cdd-nws7v",{"micros":29362,"calls":["get_user",{"micros":5739},"get_guilds",{"micros":2757},"send_scheduled_deletion_message",{"micros":7},"guild_join_requests",{"micros":647},"authorized_ip_coro",{"micros":9},"pending_payments",{"micros":708},"apex_user_experiments",{"micros":3}]}]},"starting_guild_connect",{"micros":44,"calls":[]},"presence_started",{"micros":376,"calls":[]},"guilds_started",{"micros":64,"calls":[]},"lobbies_started",{"micros":1,"calls":[]},"guilds_connect",{"micros":1,"calls":[]},"presence_connect",{"micros":8009,"calls":[]},"connect_finished",{"micros":8013,"calls":[]},"build_ready",{"micros":24,"calls":[]},"clean_ready",{"micros":0,"calls":[]},"optimize_ready",{"micros":1,"calls":[]},"split_ready",{"micros":0,"calls":[]}]}]}] (Session ID: 8c6afa6a7ea77ba0319001d69f331866).
2025-04-16 07:46:47,346 - safari_buddy - INFO - Logged in as safari-buddy (1361879071885361194)
2025-04-16 07:46:47,347 - safari_buddy.api - INFO - API is available at http://0.0.0.0:8000
2025-04-16 07:46:48,243 - safari_buddy - INFO - Command sync completed, but no commands were returned
2025-04-16 07:46:48,243 - safari_buddy - INFO - Bot is ready!
2025-04-16 07:47:20,545 - safari_buddy.puzzle - INFO - Successfully fetched daily puzzle: yFBmq
2025-04-16 07:47:21,609 - safari_buddy.puzzle - ERROR - Error posting puzzle via command: 403 Forbidden (error code: 50013): Missing Permissions
Traceback (most recent call last):
  File "/home/begati/Desktop/safari-buddy/events/puzzle.py", line 351, in puzzle_slash
    await message.add_reaction("")
  File "/home/begati/Desktop/safari-buddy/.venv/lib/python3.10/site-packages/discord/message.py", line 1750, in add_reaction
    await self._state.http.add_reaction(self.channel.id, self.id, emoji)
  File "/home/begati/Desktop/safari-buddy/.venv/lib/python3.10/site-packages/discord/http.py", line 368, in request
    raise Forbidden(response, data)
discord.errors.Forbidden: 403 Forbidden (error code: 50013): Missing Permissions
2025-04-16 07:48:40,438 - safari_buddy - INFO - Bot shutdown initiated by user
2025-04-16 07:48:40,470 - asyncio - ERROR - Task exception was never retrieved
future: <Task finished name='Task-2' coro=<Server.serve() done, defined at /home/begati/Desktop/safari-buddy/.venv/lib/python3.10/site-packages/uvicorn/server.py:68> exception=KeyboardInterrupt()>
Traceback (most recent call last):
  File "/home/begati/Desktop/safari-buddy/main.py", line 86, in <module>
    asyncio.run(main())
  File "/usr/lib/python3.10/asyncio/runners.py", line 44, in run
    return loop.run_until_complete(main)
  File "/usr/lib/python3.10/asyncio/base_events.py", line 636, in run_until_complete
    self.run_forever()
  File "/usr/lib/python3.10/asyncio/base_events.py", line 603, in run_forever
    self._run_once()
  File "/usr/lib/python3.10/asyncio/base_events.py", line 1909, in _run_once
    handle._run()
  File "/usr/lib/python3.10/asyncio/events.py", line 80, in _run
    self._context.run(self._callback, *self._args)
  File "/home/begati/Desktop/safari-buddy/.venv/lib/python3.10/site-packages/uvicorn/server.py", line 69, in serve
    with self.capture_signals():
  File "/usr/lib/python3.10/contextlib.py", line 142, in __exit__
    next(self.gen)
  File "/home/begati/Desktop/safari-buddy/.venv/lib/python3.10/site-packages/uvicorn/server.py", line 330, in capture_signals
    signal.raise_signal(captured_signal)
KeyboardInterrupt
2025-04-16 07:48:41,624 - discord.client - WARNING - PyNaCl is not installed, voice will NOT be supported
2025-04-16 07:48:41,628 - safari_buddy - INFO - Loaded command extension: general
2025-04-16 07:48:41,632 - safari_buddy.twitch - WARNING - Twitch credentials not provided or are default values. Live notifications disabled.
2025-04-16 07:48:41,632 - safari_buddy - INFO - Loaded event extension: twitch
2025-04-16 07:48:41,633 - safari_buddy - INFO - Loaded event extension: logging
2025-04-16 07:48:41,663 - apscheduler.scheduler - INFO - Adding job tentatively -- it will be properly scheduled when the scheduler starts
2025-04-16 07:48:41,663 - apscheduler.scheduler - INFO - Added job "daily_puzzle" to job store "default"
2025-04-16 07:48:41,663 - apscheduler.scheduler - INFO - Scheduler started
2025-04-16 07:48:41,663 - safari_buddy.puzzle - INFO - Daily puzzle scheduler started, will post at 09:00 Africa/Johannesburg
2025-04-16 07:48:41,664 - safari_buddy - INFO - Loaded event extension: puzzle
2025-04-16 07:48:41,665 - safari_buddy - INFO - Loaded event extension: reactions
2025-04-16 07:48:41,665 - safari_buddy - INFO - Loaded event extension: welcome
2025-04-16 07:48:41,902 - safari_buddy.api - INFO - API server running at http://0.0.0.0:8000
2025-04-16 07:48:41,903 - safari_buddy.api - INFO - API server started on 0.0.0.0:8000
2025-04-16 07:48:41,903 - safari_buddy - INFO - Loaded API extension
2025-04-16 07:48:41,903 - discord.client - INFO - logging in using static token
2025-04-16 07:48:42,816 - discord.gateway - INFO - Shard ID None has sent the IDENTIFY payload.
2025-04-16 07:48:43,128 - discord.gateway - INFO - Shard ID None has connected to Gateway: ["gateway-prd-us-east1-c-j1jb",{"micros":85043,"calls":["id_created",{"micros":778,"calls":[]},"session_lookup_time",{"micros":271,"calls":[]},"session_lookup_finished",{"micros":17,"calls":[]},"discord-sessions-prd-2-23",{"micros":83659,"calls":["start_session",{"micros":47806,"calls":["discord-api-rpc-798fcb9cdd-6cdxf",{"micros":37953,"calls":["get_user",{"micros":5141},"get_guilds",{"micros":3327},"send_scheduled_deletion_message",{"micros":5},"guild_join_requests",{"micros":0},"authorized_ip_coro",{"micros":8},"pending_payments",{"micros":669},"apex_user_experiments",{"micros":2}]}]},"starting_guild_connect",{"micros":48,"calls":[]},"presence_started",{"micros":13748,"calls":[]},"guilds_started",{"micros":54,"calls":[]},"lobbies_started",{"micros":0,"calls":[]},"guilds_connect",{"micros":1,"calls":[]},"presence_connect",{"micros":21971,"calls":[]},"connect_finished",{"micros":21975,"calls":[]},"build_ready",{"micros":26,"calls":[]},"clean_ready",{"micros":0,"calls":[]},"optimize_ready",{"micros":0,"calls":[]},"split_ready",{"micros":1,"calls":[]}]}]}] (Session ID: 143a32a2f070f13b05d568ee94965163).
2025-04-16 07:48:45,131 - safari_buddy - INFO - Logged in as safari-buddy (1361879071885361194)
2025-04-16 07:48:45,132 - safari_buddy.api - INFO - API is available at http://0.0.0.0:8000
2025-04-16 07:48:45,990 - safari_buddy - INFO - Command sync completed, but no commands were returned
2025-04-16 07:48:45,991 - safari_buddy - INFO - Bot is ready!
2025-04-16 07:48:56,551 - safari_buddy.puzzle - ERROR - Error invoking puzzle slash command: Application Command raised an exception: AttributeError: 'Context' object has no attribute 'interaction'
2025-04-16 07:48:56,560 - safari_buddy.puzzle - ERROR - Error invoking puzzle slash command: Application Command raised an exception: AttributeError: 'Context' object has no attribute 'interaction'
2025-04-16 07:49:04,970 - safari_buddy.puzzle - INFO - Successfully fetched daily puzzle: yFBmq
2025-04-16 07:49:04,971 - safari_buddy.puzzle - ERROR - Error posting puzzle via command: 'fen'
2025-04-16 07:49:29,511 - safari_buddy - INFO - Bot shutdown initiated by user
2025-04-16 07:49:29,539 - asyncio - ERROR - Task exception was never retrieved
future: <Task finished name='Task-2' coro=<Server.serve() done, defined at /home/begati/Desktop/safari-buddy/.venv/lib/python3.10/site-packages/uvicorn/server.py:68> exception=KeyboardInterrupt()>
Traceback (most recent call last):
  File "/home/begati/Desktop/safari-buddy/main.py", line 86, in <module>
    asyncio.run(main())
  File "/usr/lib/python3.10/asyncio/runners.py", line 44, in run
    return loop.run_until_complete(main)
  File "/usr/lib/python3.10/asyncio/base_events.py", line 636, in run_until_complete
    self.run_forever()
  File "/usr/lib/python3.10/asyncio/base_events.py", line 603, in run_forever
    self._run_once()
  File "/usr/lib/python3.10/asyncio/base_events.py", line 1909, in _run_once
    handle._run()
  File "/usr/lib/python3.10/asyncio/events.py", line 80, in _run
    self._context.run(self._callback, *self._args)
  File "/home/begati/Desktop/safari-buddy/.venv/lib/python3.10/site-packages/uvicorn/server.py", line 69, in serve
    with self.capture_signals():
  File "/usr/lib/python3.10/contextlib.py", line 142, in __exit__
    next(self.gen)
  File "/home/begati/Desktop/safari-buddy/.venv/lib/python3.10/site-packages/uvicorn/server.py", line 330, in capture_signals
    signal.raise_signal(captured_signal)
KeyboardInterrupt
2025-04-16 07:49:31,096 - discord.client - WARNING - PyNaCl is not installed, voice will NOT be supported
2025-04-16 07:49:31,100 - safari_buddy - INFO - Loaded command extension: general
2025-04-16 07:49:31,103 - safari_buddy.twitch - WARNING - Twitch credentials not provided or are default values. Live notifications disabled.
2025-04-16 07:49:31,103 - safari_buddy - INFO - Loaded event extension: twitch
2025-04-16 07:49:31,104 - safari_buddy - INFO - Loaded event extension: logging
2025-04-16 07:49:31,130 - apscheduler.scheduler - INFO - Adding job tentatively -- it will be properly scheduled when the scheduler starts
2025-04-16 07:49:31,131 - apscheduler.scheduler - INFO - Added job "daily_puzzle" to job store "default"
2025-04-16 07:49:31,131 - apscheduler.scheduler - INFO - Scheduler started
2025-04-16 07:49:31,131 - safari_buddy.puzzle - INFO - Daily puzzle scheduler started, will post at 09:00 Africa/Johannesburg
2025-04-16 07:49:31,131 - safari_buddy - INFO - Loaded event extension: puzzle
2025-04-16 07:49:31,132 - safari_buddy - INFO - Loaded event extension: reactions
2025-04-16 07:49:31,133 - safari_buddy - INFO - Loaded event extension: welcome
2025-04-16 07:49:31,372 - safari_buddy.api - INFO - API server running at http://0.0.0.0:8000
2025-04-16 07:49:31,373 - safari_buddy.api - INFO - API server started on 0.0.0.0:8000
2025-04-16 07:49:31,373 - safari_buddy - INFO - Loaded API extension
2025-04-16 07:49:31,373 - discord.client - INFO - logging in using static token
2025-04-16 07:49:32,279 - discord.gateway - INFO - Shard ID None has sent the IDENTIFY payload.
2025-04-16 07:49:32,560 - discord.gateway - INFO - Shard ID None has connected to Gateway: ["gateway-prd-us-east1-c-6ddh",{"micros":59310,"calls":["id_created",{"micros":483,"calls":[]},"session_lookup_time",{"micros":292,"calls":[]},"session_lookup_finished",{"micros":14,"calls":[]},"discord-sessions-prd-2-80",{"micros":56949,"calls":["start_session",{"micros":44274,"calls":["discord-api-rpc-798fcb9cdd-gbvgt",{"micros":35975,"calls":["get_user",{"micros":5308},"get_guilds",{"micros":3285},"send_scheduled_deletion_message",{"micros":7},"guild_join_requests",{"micros":661},"authorized_ip_coro",{"micros":8},"pending_payments",{"micros":612},"apex_user_experiments",{"micros":2}]}]},"starting_guild_connect",{"micros":53,"calls":[]},"presence_started",{"micros":266,"calls":[]},"guilds_started",{"micros":55,"calls":[]},"lobbies_started",{"micros":1,"calls":[]},"guilds_connect",{"micros":1,"calls":[]},"presence_connect",{"micros":12264,"calls":[]},"connect_finished",{"micros":12268,"calls":[]},"build_ready",{"micros":30,"calls":[]},"clean_ready",{"micros":0,"calls":[]},"optimize_ready",{"micros":1,"calls":[]},"split_ready",{"micros":0,"calls":[]}]}]}] (Session ID: cc9ed9027c94bf5b3650009d2ff6cf4a).
2025-04-16 07:49:34,571 - safari_buddy - INFO - Logged in as safari-buddy (1361879071885361194)
2025-04-16 07:49:34,572 - safari_buddy.api - INFO - API is available at http://0.0.0.0:8000
2025-04-16 07:49:38,597 - safari_buddy.puzzle - INFO - Successfully fetched daily puzzle: yFBmq
2025-04-16 07:49:39,539 - safari_buddy.puzzle - ERROR - Error posting puzzle via command: 403 Forbidden (error code: 50013): Missing Permissions
Traceback (most recent call last):
  File "/home/begati/Desktop/safari-buddy/events/puzzle.py", line 351, in puzzle_slash
    await message.add_reaction("")
  File "/home/begati/Desktop/safari-buddy/.venv/lib/python3.10/site-packages/discord/message.py", line 1750, in add_reaction
    await self._state.http.add_reaction(self.channel.id, self.id, emoji)
  File "/home/begati/Desktop/safari-buddy/.venv/lib/python3.10/site-packages/discord/http.py", line 368, in request
    raise Forbidden(response, data)
discord.errors.Forbidden: 403 Forbidden (error code: 50013): Missing Permissions
2025-04-16 07:50:16,165 - safari_buddy - INFO - Command sync completed, but no commands were returned
2025-04-16 07:50:16,165 - safari_buddy - INFO - Bot is ready!
2025-04-16 07:50:59,647 - safari_buddy.puzzle - INFO - Successfully fetched daily puzzle: yFBmq
2025-04-16 07:50:59,647 - safari_buddy.puzzle - ERROR - Error posting puzzle via command: 'fen'
2025-04-16 07:53:24,307 - safari_buddy - INFO - Bot shutdown initiated by user
2025-04-16 07:53:24,337 - asyncio - ERROR - Task exception was never retrieved
future: <Task finished name='Task-2' coro=<Server.serve() done, defined at /home/begati/Desktop/safari-buddy/.venv/lib/python3.10/site-packages/uvicorn/server.py:68> exception=KeyboardInterrupt()>
Traceback (most recent call last):
  File "/home/begati/Desktop/safari-buddy/main.py", line 86, in <module>
    asyncio.run(main())
  File "/usr/lib/python3.10/asyncio/runners.py", line 44, in run
    return loop.run_until_complete(main)
  File "/usr/lib/python3.10/asyncio/base_events.py", line 636, in run_until_complete
    self.run_forever()
  File "/usr/lib/python3.10/asyncio/base_events.py", line 603, in run_forever
    self._run_once()
  File "/usr/lib/python3.10/asyncio/base_events.py", line 1909, in _run_once
    handle._run()
  File "/usr/lib/python3.10/asyncio/events.py", line 80, in _run
    self._context.run(self._callback, *self._args)
  File "/home/begati/Desktop/safari-buddy/.venv/lib/python3.10/site-packages/uvicorn/server.py", line 69, in serve
    with self.capture_signals():
  File "/usr/lib/python3.10/contextlib.py", line 142, in __exit__
    next(self.gen)
  File "/home/begati/Desktop/safari-buddy/.venv/lib/python3.10/site-packages/uvicorn/server.py", line 330, in capture_signals
    signal.raise_signal(captured_signal)
KeyboardInterrupt
2025-04-16 07:53:27,558 - discord.client - WARNING - PyNaCl is not installed, voice will NOT be supported
2025-04-16 07:53:27,562 - safari_buddy - INFO - Loaded command extension: general
2025-04-16 07:53:27,565 - safari_buddy.twitch - WARNING - Twitch credentials not provided or are default values. Live notifications disabled.
2025-04-16 07:53:27,566 - safari_buddy - INFO - Loaded event extension: twitch
2025-04-16 07:53:27,566 - safari_buddy - INFO - Loaded event extension: logging
2025-04-16 07:53:27,596 - apscheduler.scheduler - INFO - Adding job tentatively -- it will be properly scheduled when the scheduler starts
2025-04-16 07:53:27,597 - apscheduler.scheduler - INFO - Added job "daily_puzzle" to job store "default"
2025-04-16 07:53:27,597 - apscheduler.scheduler - INFO - Scheduler started
2025-04-16 07:53:27,597 - safari_buddy.puzzle - INFO - Daily puzzle scheduler started, will post at 09:00 Africa/Johannesburg
2025-04-16 07:53:27,598 - safari_buddy - INFO - Loaded event extension: puzzle
2025-04-16 07:53:27,599 - safari_buddy - INFO - Loaded event extension: reactions
2025-04-16 07:53:27,599 - safari_buddy - INFO - Loaded event extension: welcome
2025-04-16 07:53:27,847 - safari_buddy.api - INFO - API server running at http://0.0.0.0:8000
2025-04-16 07:53:27,847 - safari_buddy.api - INFO - API server started on 0.0.0.0:8000
2025-04-16 07:53:27,847 - safari_buddy - INFO - Loaded API extension
2025-04-16 07:53:27,848 - discord.client - INFO - logging in using static token
2025-04-16 07:53:28,804 - discord.gateway - INFO - Shard ID None has sent the IDENTIFY payload.
2025-04-16 07:53:29,107 - discord.gateway - INFO - Shard ID None has connected to Gateway: ["gateway-prd-us-east1-b-v3sb",{"micros":82350,"calls":["id_created",{"micros":537,"calls":[]},"session_lookup_time",{"micros":2782,"calls":[]},"session_lookup_finished",{"micros":13,"calls":[]},"discord-sessions-prd-2-91",{"micros":78771,"calls":["start_session",{"micros":55593,"calls":["discord-api-rpc-798fcb9cdd-qx9pm",{"micros":47526,"calls":["get_user",{"micros":6021},"get_guilds",{"micros":3230},"send_scheduled_deletion_message",{"micros":7},"guild_join_requests",{"micros":585},"authorized_ip_coro",{"micros":10},"pending_payments",{"micros":1520},"apex_user_experiments",{"micros":2}]}]},"starting_guild_connect",{"micros":50,"calls":[]},"presence_started",{"micros":6816,"calls":[]},"guilds_started",{"micros":61,"calls":[]},"lobbies_started",{"micros":1,"calls":[]},"guilds_connect",{"micros":1,"calls":[]},"presence_connect",{"micros":16221,"calls":[]},"connect_finished",{"micros":16226,"calls":[]},"build_ready",{"micros":22,"calls":[]},"clean_ready",{"micros":0,"calls":[]},"optimize_ready",{"micros":1,"calls":[]},"split_ready",{"micros":0,"calls":[]}]}]}] (Session ID: a6fbac362c05929fe73ba37a9fcb935f).
2025-04-16 07:53:31,114 - safari_buddy - INFO - Logged in as safari-buddy (1361879071885361194)
2025-04-16 07:53:31,115 - safari_buddy.api - INFO - API is available at http://0.0.0.0:8000
2025-04-16 07:53:32,003 - safari_buddy - INFO - Command sync completed, but no commands were returned
2025-04-16 07:53:32,003 - safari_buddy - INFO - Bot is ready!
2025-04-16 07:53:46,438 - safari_buddy.puzzle - INFO - Successfully fetched daily puzzle: yFBmq
2025-04-16 07:53:46,542 - safari_buddy.puzzle - INFO - Successfully fetched daily puzzle: yFBmq
2025-04-16 07:53:46,543 - safari_buddy.puzzle - ERROR - Error posting puzzle via command: 'fen'
2025-04-16 07:53:47,295 - safari_buddy.puzzle - ERROR - Error posting puzzle via command: 403 Forbidden (error code: 50013): Missing Permissions
Traceback (most recent call last):
  File "/home/begati/Desktop/safari-buddy/events/puzzle.py", line 353, in puzzle_slash
    await message.add_reaction("")
  File "/home/begati/Desktop/safari-buddy/.venv/lib/python3.10/site-packages/discord/message.py", line 1750, in add_reaction
    await self._state.http.add_reaction(self.channel.id, self.id, emoji)
  File "/home/begati/Desktop/safari-buddy/.venv/lib/python3.10/site-packages/discord/http.py", line 368, in request
    raise Forbidden(response, data)
discord.errors.Forbidden: 403 Forbidden (error code: 50013): Missing Permissions
2025-04-16 07:54:19,343 - safari_buddy.puzzle - INFO - Successfully fetched daily puzzle: yFBmq
2025-04-16 07:54:19,393 - safari_buddy.puzzle - INFO - Successfully fetched daily puzzle: yFBmq
2025-04-16 07:54:19,394 - safari_buddy.puzzle - ERROR - Error posting puzzle via command: 'fen'
2025-04-16 07:54:20,416 - safari_buddy.puzzle - ERROR - Error posting puzzle via command: 403 Forbidden (error code: 50013): Missing Permissions
Traceback (most recent call last):
  File "/home/begati/Desktop/safari-buddy/events/puzzle.py", line 353, in puzzle_slash
    await message.add_reaction("")
  File "/home/begati/Desktop/safari-buddy/.venv/lib/python3.10/site-packages/discord/message.py", line 1750, in add_reaction
    await self._state.http.add_reaction(self.channel.id, self.id, emoji)
  File "/home/begati/Desktop/safari-buddy/.venv/lib/python3.10/site-packages/discord/http.py", line 368, in request
    raise Forbidden(response, data)
discord.errors.Forbidden: 403 Forbidden (error code: 50013): Missing Permissions
2025-04-16 07:56:08,162 - safari_buddy.puzzle - INFO - Successfully fetched daily puzzle: yFBmq
2025-04-16 07:56:09,129 - safari_buddy.puzzle - INFO - Posted puzzle yFBmq via command
2025-04-16 07:56:46,148 - safari_buddy.puzzle - INFO - Successfully fetched daily puzzle: yFBmq
2025-04-16 07:56:47,092 - safari_buddy.puzzle - INFO - Posted puzzle yFBmq via command
2025-04-16 07:58:46,207 - safari_buddy.puzzle - INFO - Successfully fetched daily puzzle: yFBmq
2025-04-16 07:58:46,280 - safari_buddy.puzzle - INFO - Successfully fetched daily puzzle: yFBmq
2025-04-16 07:58:46,281 - safari_buddy.puzzle - ERROR - Error posting puzzle via command: 'fen'
2025-04-16 07:58:47,242 - safari_buddy.puzzle - ERROR - Error posting puzzle via command: 403 Forbidden (error code: 50001): Missing Access
Traceback (most recent call last):
  File "/home/begati/Desktop/safari-buddy/events/puzzle.py", line 353, in puzzle_slash
    await message.add_reaction("")
  File "/home/begati/Desktop/safari-buddy/.venv/lib/python3.10/site-packages/discord/message.py", line 1750, in add_reaction
    await self._state.http.add_reaction(self.channel.id, self.id, emoji)
  File "/home/begati/Desktop/safari-buddy/.venv/lib/python3.10/site-packages/discord/http.py", line 368, in request
    raise Forbidden(response, data)
discord.errors.Forbidden: 403 Forbidden (error code: 50001): Missing Access
2025-04-16 08:00:18,250 - safari_buddy.puzzle - INFO - Successfully fetched daily puzzle: yFBmq
2025-04-16 08:00:18,256 - safari_buddy.puzzle - INFO - Successfully fetched daily puzzle: yFBmq
2025-04-16 08:00:18,257 - safari_buddy.puzzle - ERROR - Error posting puzzle via command: 'fen'
2025-04-16 08:00:19,232 - safari_buddy.puzzle - INFO - Posted puzzle yFBmq via command
2025-04-16 08:00:29,371 - safari_buddy.puzzle - INFO - Successfully fetched daily puzzle: yFBmq
2025-04-16 08:00:30,191 - safari_buddy.puzzle - INFO - Posted puzzle yFBmq via command
2025-04-16 08:00:33,999 - safari_buddy.puzzle - INFO - Successfully fetched daily puzzle: yFBmq
2025-04-16 08:00:34,062 - safari_buddy.puzzle - INFO - Successfully fetched daily puzzle: yFBmq
2025-04-16 08:00:34,063 - safari_buddy.puzzle - ERROR - Error posting puzzle via command: 'fen'
2025-04-16 08:00:34,878 - safari_buddy.puzzle - INFO - Posted puzzle yFBmq via command
2025-04-16 08:00:38,475 - safari_buddy.puzzle - INFO - Successfully fetched daily puzzle: yFBmq
2025-04-16 08:00:39,411 - safari_buddy.puzzle - INFO - Posted puzzle yFBmq via command
2025-04-16 08:02:17,151 - safari_buddy - INFO - Bot shutdown initiated by user
2025-04-16 08:02:17,189 - asyncio - ERROR - Task exception was never retrieved
future: <Task finished name='Task-2' coro=<Server.serve() done, defined at /home/begati/Desktop/safari-buddy/.venv/lib/python3.10/site-packages/uvicorn/server.py:68> exception=KeyboardInterrupt()>
Traceback (most recent call last):
  File "/home/begati/Desktop/safari-buddy/main.py", line 86, in <module>
    asyncio.run(main())
  File "/usr/lib/python3.10/asyncio/runners.py", line 44, in run
    return loop.run_until_complete(main)
  File "/usr/lib/python3.10/asyncio/base_events.py", line 636, in run_until_complete
    self.run_forever()
  File "/usr/lib/python3.10/asyncio/base_events.py", line 603, in run_forever
    self._run_once()
  File "/usr/lib/python3.10/asyncio/base_events.py", line 1909, in _run_once
    handle._run()
  File "/usr/lib/python3.10/asyncio/events.py", line 80, in _run
    self._context.run(self._callback, *self._args)
  File "/home/begati/Desktop/safari-buddy/.venv/lib/python3.10/site-packages/uvicorn/server.py", line 69, in serve
    with self.capture_signals():
  File "/usr/lib/python3.10/contextlib.py", line 142, in __exit__
    next(self.gen)
  File "/home/begati/Desktop/safari-buddy/.venv/lib/python3.10/site-packages/uvicorn/server.py", line 330, in capture_signals
    signal.raise_signal(captured_signal)
KeyboardInterrupt
2025-04-16 08:02:18,151 - discord.client - WARNING - PyNaCl is not installed, voice will NOT be supported
2025-04-16 08:02:18,160 - safari_buddy - INFO - Loaded command extension: general
2025-04-16 08:02:18,165 - safari_buddy.twitch - WARNING - Twitch credentials not provided or are default values. Live notifications disabled.
2025-04-16 08:02:18,165 - safari_buddy - INFO - Loaded event extension: twitch
2025-04-16 08:02:18,166 - safari_buddy - INFO - Loaded event extension: logging
2025-04-16 08:02:18,199 - apscheduler.scheduler - INFO - Adding job tentatively -- it will be properly scheduled when the scheduler starts
2025-04-16 08:02:18,200 - apscheduler.scheduler - INFO - Added job "daily_puzzle" to job store "default"
2025-04-16 08:02:18,200 - apscheduler.scheduler - INFO - Scheduler started
2025-04-16 08:02:18,200 - safari_buddy.puzzle - INFO - Daily puzzle scheduler started, will post at 09:00 Africa/Johannesburg
2025-04-16 08:02:18,201 - safari_buddy - INFO - Loaded event extension: puzzle
2025-04-16 08:02:18,202 - safari_buddy - INFO - Loaded event extension: reactions
2025-04-16 08:02:18,203 - safari_buddy - INFO - Loaded event extension: welcome
2025-04-16 08:02:18,531 - safari_buddy.api - INFO - API server running at http://0.0.0.0:8000
2025-04-16 08:02:18,531 - safari_buddy.api - INFO - API server started on 0.0.0.0:8000
2025-04-16 08:02:18,531 - safari_buddy - INFO - Loaded API extension
2025-04-16 08:02:18,531 - discord.client - INFO - logging in using static token
2025-04-16 08:02:19,509 - discord.gateway - INFO - Shard ID None has sent the IDENTIFY payload.
2025-04-16 08:02:19,969 - discord.gateway - INFO - Shard ID None has connected to Gateway: ["gateway-prd-us-east1-c-qdwz",{"micros":245326,"calls":["id_created",{"micros":517,"calls":[]},"session_lookup_time",{"micros":1107,"calls":[]},"session_lookup_finished",{"micros":18,"calls":[]},"discord-sessions-prd-2-11",{"micros":242544,"calls":["start_session",{"micros":220739,"calls":["discord-api-rpc-798fcb9cdd-zjkxt",{"micros":142494,"calls":["get_user",{"micros":19326},"get_guilds",{"micros":22045},"send_scheduled_deletion_message",{"micros":5},"guild_join_requests",{"micros":0},"authorized_ip_coro",{"micros":7},"pending_payments",{"micros":27109},"apex_user_experiments",{"micros":3}]}]},"starting_guild_connect",{"micros":56,"calls":[]},"presence_started",{"micros":17941,"calls":[]},"guilds_started",{"micros":60,"calls":[]},"lobbies_started",{"micros":1,"calls":[]},"guilds_connect",{"micros":1,"calls":[]},"presence_connect",{"micros":3718,"calls":[]},"connect_finished",{"micros":3722,"calls":[]},"build_ready",{"micros":23,"calls":[]},"clean_ready",{"micros":0,"calls":[]},"optimize_ready",{"micros":0,"calls":[]},"split_ready",{"micros":1,"calls":[]}]}]}] (Session ID: 1a39f99ce5737a2d57e2983ac07f6243).
2025-04-16 08:02:21,976 - safari_buddy - INFO - Logged in as safari-buddy (1361879071885361194)
2025-04-16 08:02:21,977 - safari_buddy.api - INFO - API is available at http://0.0.0.0:8000
2025-04-16 08:02:22,904 - safari_buddy - INFO - Command sync completed, but no commands were returned
2025-04-16 08:02:22,904 - safari_buddy - INFO - Bot is ready!
2025-04-16 08:04:18,800 - safari_buddy - INFO - Bot shutdown initiated by user
2025-04-16 08:04:18,842 - asyncio - ERROR - Task exception was never retrieved
future: <Task finished name='Task-2' coro=<Server.serve() done, defined at /home/begati/Desktop/safari-buddy/.venv/lib/python3.10/site-packages/uvicorn/server.py:68> exception=KeyboardInterrupt()>
Traceback (most recent call last):
  File "/home/begati/Desktop/safari-buddy/main.py", line 86, in <module>
    asyncio.run(main())
  File "/usr/lib/python3.10/asyncio/runners.py", line 44, in run
    return loop.run_until_complete(main)
  File "/usr/lib/python3.10/asyncio/base_events.py", line 636, in run_until_complete
    self.run_forever()
  File "/usr/lib/python3.10/asyncio/base_events.py", line 603, in run_forever
    self._run_once()
  File "/usr/lib/python3.10/asyncio/base_events.py", line 1909, in _run_once
    handle._run()
  File "/usr/lib/python3.10/asyncio/events.py", line 80, in _run
    self._context.run(self._callback, *self._args)
  File "/home/begati/Desktop/safari-buddy/.venv/lib/python3.10/site-packages/uvicorn/server.py", line 69, in serve
    with self.capture_signals():
  File "/usr/lib/python3.10/contextlib.py", line 142, in __exit__
    next(self.gen)
  File "/home/begati/Desktop/safari-buddy/.venv/lib/python3.10/site-packages/uvicorn/server.py", line 330, in capture_signals
    signal.raise_signal(captured_signal)
KeyboardInterrupt
2025-04-16 08:04:21,181 - discord.client - WARNING - PyNaCl is not installed, voice will NOT be supported
2025-04-16 08:04:21,186 - safari_buddy - INFO - Loaded command extension: general
2025-04-16 08:04:21,191 - safari_buddy.twitch - WARNING - Twitch credentials not provided or are default values. Live notifications disabled.
2025-04-16 08:04:21,191 - safari_buddy - INFO - Loaded event extension: twitch
2025-04-16 08:04:21,192 - safari_buddy - INFO - Loaded event extension: logging
2025-04-16 08:04:21,215 - apscheduler.scheduler - INFO - Adding job tentatively -- it will be properly scheduled when the scheduler starts
2025-04-16 08:04:21,216 - apscheduler.scheduler - INFO - Added job "daily_puzzle" to job store "default"
2025-04-16 08:04:21,216 - apscheduler.scheduler - INFO - Scheduler started
2025-04-16 08:04:21,216 - safari_buddy.puzzle - INFO - Daily puzzle scheduler started, will post at 09:00 Africa/Johannesburg
2025-04-16 08:04:21,217 - safari_buddy - INFO - Loaded event extension: puzzle
2025-04-16 08:04:21,218 - safari_buddy - INFO - Loaded event extension: reactions
2025-04-16 08:04:21,219 - safari_buddy - INFO - Loaded event extension: welcome
2025-04-16 08:04:21,462 - safari_buddy.api - INFO - API server running at http://0.0.0.0:8000
2025-04-16 08:04:21,462 - safari_buddy.api - INFO - API server started on 0.0.0.0:8000
2025-04-16 08:04:21,462 - safari_buddy - INFO - Loaded API extension
2025-04-16 08:04:21,462 - discord.client - INFO - logging in using static token
2025-04-16 08:04:22,390 - discord.gateway - INFO - Shard ID None has sent the IDENTIFY payload.
2025-04-16 08:04:22,701 - discord.gateway - INFO - Shard ID None has connected to Gateway: ["gateway-prd-us-east1-d-8g9l",{"micros":87624,"calls":["id_created",{"micros":368,"calls":[]},"session_lookup_time",{"micros":2623,"calls":[]},"session_lookup_finished",{"micros":11,"calls":[]},"discord-sessions-prd-2-120",{"micros":83311,"calls":["start_session",{"micros":80679,"calls":["discord-api-rpc-798fcb9cdd-nh9c2",{"micros":51094,"calls":["get_user",{"micros":14216},"get_guilds",{"micros":5609},"send_scheduled_deletion_message",{"micros":6},"guild_join_requests",{"micros":0},"authorized_ip_coro",{"micros":5},"pending_payments",{"micros":652},"apex_user_experiments",{"micros":1}]}]},"starting_guild_connect",{"micros":48,"calls":[]},"presence_started",{"micros":309,"calls":[]},"guilds_started",{"micros":52,"calls":[]},"lobbies_started",{"micros":8,"calls":[]},"guilds_connect",{"micros":1,"calls":[]},"presence_connect",{"micros":2189,"calls":[]},"connect_finished",{"micros":2192,"calls":[]},"build_ready",{"micros":21,"calls":[]},"clean_ready",{"micros":1,"calls":[]},"optimize_ready",{"micros":0,"calls":[]},"split_ready",{"micros":0,"calls":[]}]}]}] (Session ID: ae860d174da1a02d3b82c1ef38244f3c).
2025-04-16 08:04:24,710 - safari_buddy - INFO - Logged in as safari-buddy (1361879071885361194)
2025-04-16 08:04:24,711 - safari_buddy.api - INFO - API is available at http://0.0.0.0:8000
2025-04-16 08:04:25,515 - safari_buddy - INFO - Command sync completed, but no commands were returned
2025-04-16 08:04:25,515 - safari_buddy - INFO - Bot is ready!
2025-04-16 08:05:57,761 - safari_buddy - INFO - Bot shutdown initiated by user
2025-04-16 08:05:57,786 - asyncio - ERROR - Task exception was never retrieved
future: <Task finished name='Task-2' coro=<Server.serve() done, defined at /home/begati/Desktop/safari-buddy/.venv/lib/python3.10/site-packages/uvicorn/server.py:68> exception=KeyboardInterrupt()>
Traceback (most recent call last):
  File "/home/begati/Desktop/safari-buddy/main.py", line 86, in <module>
    asyncio.run(main())
  File "/usr/lib/python3.10/asyncio/runners.py", line 44, in run
    return loop.run_until_complete(main)
  File "/usr/lib/python3.10/asyncio/base_events.py", line 636, in run_until_complete
    self.run_forever()
  File "/usr/lib/python3.10/asyncio/base_events.py", line 603, in run_forever
    self._run_once()
  File "/usr/lib/python3.10/asyncio/base_events.py", line 1909, in _run_once
    handle._run()
  File "/usr/lib/python3.10/asyncio/events.py", line 80, in _run
    self._context.run(self._callback, *self._args)
  File "/home/begati/Desktop/safari-buddy/.venv/lib/python3.10/site-packages/uvicorn/server.py", line 69, in serve
    with self.capture_signals():
  File "/usr/lib/python3.10/contextlib.py", line 142, in __exit__
    next(self.gen)
  File "/home/begati/Desktop/safari-buddy/.venv/lib/python3.10/site-packages/uvicorn/server.py", line 330, in capture_signals
    signal.raise_signal(captured_signal)
KeyboardInterrupt
2025-04-16 08:05:58,517 - discord.client - WARNING - PyNaCl is not installed, voice will NOT be supported
2025-04-16 08:05:58,521 - safari_buddy - INFO - Loaded command extension: general
2025-04-16 08:05:58,524 - safari_buddy.twitch - WARNING - Twitch credentials not provided or are default values. Live notifications disabled.
2025-04-16 08:05:58,525 - safari_buddy - INFO - Loaded event extension: twitch
2025-04-16 08:05:58,526 - safari_buddy - INFO - Loaded event extension: logging
2025-04-16 08:05:58,556 - apscheduler.scheduler - INFO - Adding job tentatively -- it will be properly scheduled when the scheduler starts
2025-04-16 08:05:58,557 - apscheduler.scheduler - INFO - Added job "daily_puzzle" to job store "default"
2025-04-16 08:05:58,557 - apscheduler.scheduler - INFO - Scheduler started
2025-04-16 08:05:58,557 - safari_buddy.puzzle - INFO - Daily puzzle scheduler started, will post at 09:00 Africa/Johannesburg
2025-04-16 08:05:58,558 - safari_buddy - INFO - Loaded event extension: puzzle
2025-04-16 08:05:58,559 - safari_buddy - INFO - Loaded event extension: reactions
2025-04-16 08:05:58,560 - safari_buddy - INFO - Loaded event extension: welcome
2025-04-16 08:05:58,801 - safari_buddy.api - INFO - API server running at http://0.0.0.0:8000
2025-04-16 08:05:58,801 - safari_buddy.api - INFO - API server started on 0.0.0.0:8000
2025-04-16 08:05:58,801 - safari_buddy - INFO - Loaded API extension
2025-04-16 08:05:58,801 - discord.client - INFO - logging in using static token
2025-04-16 08:05:59,743 - discord.gateway - INFO - Shard ID None has sent the IDENTIFY payload.
2025-04-16 08:06:00,031 - discord.gateway - INFO - Shard ID None has connected to Gateway: ["gateway-prd-us-east1-c-r0cz",{"micros":68039,"calls":["id_created",{"micros":549,"calls":[]},"session_lookup_time",{"micros":7968,"calls":[]},"session_lookup_finished",{"micros":11,"calls":[]},"discord-sessions-prd-2-116",{"micros":59173,"calls":["start_session",{"micros":39465,"calls":["discord-api-rpc-798fcb9cdd-xs4nk",{"micros":32705,"calls":["get_user",{"micros":5561},"get_guilds",{"micros":2841},"send_scheduled_deletion_message",{"micros":6},"guild_join_requests",{"micros":0},"authorized_ip_coro",{"micros":7},"pending_payments",{"micros":511},"apex_user_experiments",{"micros":1}]}]},"starting_guild_connect",{"micros":56,"calls":[]},"presence_started",{"micros":2139,"calls":[]},"guilds_started",{"micros":48,"calls":[]},"lobbies_started",{"micros":1,"calls":[]},"guilds_connect",{"micros":1,"calls":[]},"presence_connect",{"micros":17437,"calls":[]},"connect_finished",{"micros":17439,"calls":[]},"build_ready",{"micros":23,"calls":[]},"clean_ready",{"micros":1,"calls":[]},"optimize_ready",{"micros":0,"calls":[]},"split_ready",{"micros":0,"calls":[]}]}]}] (Session ID: c540e052372abc712a269c47605fdf52).
2025-04-16 08:06:02,046 - safari_buddy - INFO - Logged in as safari-buddy (1361879071885361194)
2025-04-16 08:06:02,047 - safari_buddy.api - INFO - API is available at http://0.0.0.0:8000
2025-04-16 08:06:02,897 - safari_buddy - INFO - Command sync completed, but no commands were returned
2025-04-16 08:06:02,897 - safari_buddy - INFO - Bot is ready!
2025-04-16 08:06:42,027 - safari_buddy.puzzle - ERROR - Failed to fetch random puzzle. Status: 404
2025-04-16 08:06:57,506 - safari_buddy.puzzle - ERROR - Failed to fetch random puzzle. Status: 404
2025-04-16 08:08:06,821 - safari_buddy - INFO - Bot shutdown initiated by user
2025-04-16 08:08:06,851 - asyncio - ERROR - Task exception was never retrieved
future: <Task finished name='Task-2' coro=<Server.serve() done, defined at /home/begati/Desktop/safari-buddy/.venv/lib/python3.10/site-packages/uvicorn/server.py:68> exception=KeyboardInterrupt()>
Traceback (most recent call last):
  File "/home/begati/Desktop/safari-buddy/main.py", line 86, in <module>
    asyncio.run(main())
  File "/usr/lib/python3.10/asyncio/runners.py", line 44, in run
    return loop.run_until_complete(main)
  File "/usr/lib/python3.10/asyncio/base_events.py", line 636, in run_until_complete
    self.run_forever()
  File "/usr/lib/python3.10/asyncio/base_events.py", line 603, in run_forever
    self._run_once()
  File "/usr/lib/python3.10/asyncio/base_events.py", line 1909, in _run_once
    handle._run()
  File "/usr/lib/python3.10/asyncio/events.py", line 80, in _run
    self._context.run(self._callback, *self._args)
  File "/home/begati/Desktop/safari-buddy/.venv/lib/python3.10/site-packages/uvicorn/server.py", line 69, in serve
    with self.capture_signals():
  File "/usr/lib/python3.10/contextlib.py", line 142, in __exit__
    next(self.gen)
  File "/home/begati/Desktop/safari-buddy/.venv/lib/python3.10/site-packages/uvicorn/server.py", line 330, in capture_signals
    signal.raise_signal(captured_signal)
KeyboardInterrupt
2025-04-16 08:09:01,267 - discord.client - WARNING - PyNaCl is not installed, voice will NOT be supported
2025-04-16 08:09:01,274 - safari_buddy - INFO - Loaded command extension: general
2025-04-16 08:09:01,279 - safari_buddy.twitch - WARNING - Twitch credentials not provided or are default values. Live notifications disabled.
2025-04-16 08:09:01,279 - safari_buddy - INFO - Loaded event extension: twitch
2025-04-16 08:09:01,280 - safari_buddy - INFO - Loaded event extension: logging
2025-04-16 08:09:01,305 - apscheduler.scheduler - INFO - Adding job tentatively -- it will be properly scheduled when the scheduler starts
2025-04-16 08:09:01,305 - apscheduler.scheduler - INFO - Added job "daily_puzzle" to job store "default"
2025-04-16 08:09:01,305 - apscheduler.scheduler - INFO - Scheduler started
2025-04-16 08:09:01,306 - safari_buddy.puzzle - INFO - Daily puzzle scheduler started, will post at 09:00 Africa/Johannesburg
2025-04-16 08:09:01,306 - safari_buddy - INFO - Loaded event extension: puzzle
2025-04-16 08:09:01,307 - safari_buddy - INFO - Loaded event extension: reactions
2025-04-16 08:09:01,308 - safari_buddy - INFO - Loaded event extension: welcome
2025-04-16 08:09:01,595 - safari_buddy.api - INFO - API server running at http://0.0.0.0:8000
2025-04-16 08:09:01,596 - safari_buddy.api - INFO - API server started on 0.0.0.0:8000
2025-04-16 08:09:01,596 - safari_buddy - INFO - Loaded API extension
2025-04-16 08:09:01,596 - discord.client - INFO - logging in using static token
2025-04-16 08:09:02,590 - discord.gateway - INFO - Shard ID None has sent the IDENTIFY payload.
2025-04-16 08:09:02,951 - discord.gateway - INFO - Shard ID None has connected to Gateway: ["gateway-prd-us-east1-d-4dbp",{"micros":137044,"calls":["id_created",{"micros":607,"calls":[]},"session_lookup_time",{"micros":7277,"calls":[]},"session_lookup_finished",{"micros":13,"calls":[]},"discord-sessions-prd-2-21",{"micros":127969,"calls":["start_session",{"micros":50572,"calls":["discord-api-rpc-798fcb9cdd-mffxl",{"micros":38384,"calls":["get_user",{"micros":5270},"get_guilds",{"micros":3845},"send_scheduled_deletion_message",{"micros":6},"guild_join_requests",{"micros":1},"authorized_ip_coro",{"micros":8},"pending_payments",{"micros":741},"apex_user_experiments",{"micros":2}]}]},"starting_guild_connect",{"micros":47,"calls":[]},"presence_started",{"micros":37408,"calls":[]},"guilds_started",{"micros":64,"calls":[]},"lobbies_started",{"micros":0,"calls":[]},"guilds_connect",{"micros":1,"calls":[]},"presence_connect",{"micros":39841,"calls":[]},"connect_finished",{"micros":39849,"calls":[]},"build_ready",{"micros":27,"calls":[]},"clean_ready",{"micros":1,"calls":[]},"optimize_ready",{"micros":0,"calls":[]},"split_ready",{"micros":0,"calls":[]}]}]}] (Session ID: 752c3b7dc6784826172ac97118f4c3b2).
2025-04-16 08:09:04,956 - safari_buddy - INFO - Logged in as safari-buddy (1361879071885361194)
2025-04-16 08:09:04,956 - safari_buddy.api - INFO - API is available at http://0.0.0.0:8000
2025-04-16 08:09:06,674 - safari_buddy - INFO - Command sync completed, but no commands were returned
2025-04-16 08:09:06,674 - safari_buddy - INFO - Bot is ready!
2025-04-16 08:09:18,954 - safari_buddy - INFO - Bot shutdown initiated by user
2025-04-16 08:09:18,984 - asyncio - ERROR - Task exception was never retrieved
future: <Task finished name='Task-2' coro=<Server.serve() done, defined at /home/begati/Desktop/safari-buddy/.venv/lib/python3.10/site-packages/uvicorn/server.py:68> exception=KeyboardInterrupt()>
Traceback (most recent call last):
  File "/home/begati/Desktop/safari-buddy/main.py", line 86, in <module>
    asyncio.run(main())
  File "/usr/lib/python3.10/asyncio/runners.py", line 44, in run
    return loop.run_until_complete(main)
  File "/usr/lib/python3.10/asyncio/base_events.py", line 636, in run_until_complete
    self.run_forever()
  File "/usr/lib/python3.10/asyncio/base_events.py", line 603, in run_forever
    self._run_once()
  File "/usr/lib/python3.10/asyncio/base_events.py", line 1909, in _run_once
    handle._run()
  File "/usr/lib/python3.10/asyncio/events.py", line 80, in _run
    self._context.run(self._callback, *self._args)
  File "/home/begati/Desktop/safari-buddy/.venv/lib/python3.10/site-packages/uvicorn/server.py", line 69, in serve
    with self.capture_signals():
  File "/usr/lib/python3.10/contextlib.py", line 142, in __exit__
    next(self.gen)
  File "/home/begati/Desktop/safari-buddy/.venv/lib/python3.10/site-packages/uvicorn/server.py", line 330, in capture_signals
    signal.raise_signal(captured_signal)
KeyboardInterrupt
2025-04-16 08:09:19,632 - discord.client - WARNING - PyNaCl is not installed, voice will NOT be supported
2025-04-16 08:09:19,638 - safari_buddy - INFO - Loaded command extension: general
2025-04-16 08:09:19,643 - safari_buddy.twitch - WARNING - Twitch credentials not provided or are default values. Live notifications disabled.
2025-04-16 08:09:19,643 - safari_buddy - INFO - Loaded event extension: twitch
2025-04-16 08:09:19,644 - safari_buddy - INFO - Loaded event extension: logging
2025-04-16 08:09:19,674 - apscheduler.scheduler - INFO - Adding job tentatively -- it will be properly scheduled when the scheduler starts
2025-04-16 08:09:19,675 - apscheduler.scheduler - INFO - Added job "daily_puzzle" to job store "default"
2025-04-16 08:09:19,675 - apscheduler.scheduler - INFO - Scheduler started
2025-04-16 08:09:19,675 - safari_buddy.puzzle - INFO - Daily puzzle scheduler started, will post at 09:00 Africa/Johannesburg
2025-04-16 08:09:19,676 - safari_buddy - INFO - Loaded event extension: puzzle
2025-04-16 08:09:19,677 - safari_buddy - INFO - Loaded event extension: reactions
2025-04-16 08:09:19,677 - safari_buddy - INFO - Loaded event extension: welcome
2025-04-16 08:09:20,025 - safari_buddy.api - INFO - API server running at http://0.0.0.0:8000
2025-04-16 08:09:20,025 - safari_buddy.api - INFO - API server started on 0.0.0.0:8000
2025-04-16 08:09:20,026 - safari_buddy - INFO - Loaded API extension
2025-04-16 08:09:20,026 - discord.client - INFO - logging in using static token
2025-04-16 08:09:20,967 - discord.gateway - INFO - Shard ID None has sent the IDENTIFY payload.
2025-04-16 08:09:21,318 - discord.gateway - INFO - Shard ID None has connected to Gateway: ["gateway-prd-us-east1-c-5mkp",{"micros":127122,"calls":["id_created",{"micros":407,"calls":[]},"session_lookup_time",{"micros":355,"calls":[]},"session_lookup_finished",{"micros":12,"calls":[]},"discord-sessions-prd-2-95",{"micros":126011,"calls":["start_session",{"micros":72980,"calls":["discord-api-rpc-798fcb9cdd-xs4nk",{"micros":65073,"calls":["get_user",{"micros":6052},"get_guilds",{"micros":34746},"send_scheduled_deletion_message",{"micros":10},"guild_join_requests",{"micros":2},"authorized_ip_coro",{"micros":7},"pending_payments",{"micros":962},"apex_user_experiments",{"micros":2}]}]},"starting_guild_connect",{"micros":44,"calls":[]},"presence_started",{"micros":14428,"calls":[]},"guilds_started",{"micros":53,"calls":[]},"lobbies_started",{"micros":1,"calls":[]},"guilds_connect",{"micros":1,"calls":[]},"presence_connect",{"micros":38476,"calls":[]},"connect_finished",{"micros":38480,"calls":[]},"build_ready",{"micros":23,"calls":[]},"clean_ready",{"micros":1,"calls":[]},"optimize_ready",{"micros":0,"calls":[]},"split_ready",{"micros":0,"calls":[]}]}]}] (Session ID: 5e9886ffeee58d148cc490d799890a7a).
2025-04-16 08:09:22,039 - discord.http - WARNING - We are being rate limited. Retrying in 11.98 seconds. Handled under the bucket "None:None:/applications/{application_id}/commands"
2025-04-16 08:09:23,321 - safari_buddy - INFO - Logged in as safari-buddy (1361879071885361194)
2025-04-16 08:09:23,322 - safari_buddy.api - INFO - API is available at http://0.0.0.0:8000
2025-04-16 08:09:48,450 - safari_buddy.puzzle - INFO - Successfully fetched daily puzzle: yFBmq
2025-04-16 08:09:49,352 - safari_buddy.puzzle - INFO - Posted puzzle yFBmq via command
2025-04-16 08:10:36,203 - safari_buddy - INFO - Command sync completed, but no commands were returned
2025-04-16 08:10:36,203 - safari_buddy - INFO - Bot is ready!
2025-04-16 08:11:27,644 - safari_buddy - INFO - Bot shutdown initiated by user
2025-04-16 08:11:27,676 - asyncio - ERROR - Task exception was never retrieved
future: <Task finished name='Task-2' coro=<Server.serve() done, defined at /home/begati/Desktop/safari-buddy/.venv/lib/python3.10/site-packages/uvicorn/server.py:68> exception=KeyboardInterrupt()>
Traceback (most recent call last):
  File "/home/begati/Desktop/safari-buddy/main.py", line 86, in <module>
    asyncio.run(main())
  File "/usr/lib/python3.10/asyncio/runners.py", line 44, in run
    return loop.run_until_complete(main)
  File "/usr/lib/python3.10/asyncio/base_events.py", line 636, in run_until_complete
    self.run_forever()
  File "/usr/lib/python3.10/asyncio/base_events.py", line 603, in run_forever
    self._run_once()
  File "/usr/lib/python3.10/asyncio/base_events.py", line 1909, in _run_once
    handle._run()
  File "/usr/lib/python3.10/asyncio/events.py", line 80, in _run
    self._context.run(self._callback, *self._args)
  File "/home/begati/Desktop/safari-buddy/.venv/lib/python3.10/site-packages/uvicorn/server.py", line 69, in serve
    with self.capture_signals():
  File "/usr/lib/python3.10/contextlib.py", line 142, in __exit__
    next(self.gen)
  File "/home/begati/Desktop/safari-buddy/.venv/lib/python3.10/site-packages/uvicorn/server.py", line 330, in capture_signals
    signal.raise_signal(captured_signal)
KeyboardInterrupt
2025-04-16 08:14:37,162 - discord.client - WARNING - PyNaCl is not installed, voice will NOT be supported
2025-04-16 08:14:37,166 - safari_buddy - INFO - Loaded command extension: general
2025-04-16 08:14:37,170 - safari_buddy.twitch - WARNING - Twitch credentials not provided or are default values. Live notifications disabled.
2025-04-16 08:14:37,171 - safari_buddy - INFO - Loaded event extension: twitch
2025-04-16 08:14:37,172 - safari_buddy - INFO - Loaded event extension: logging
2025-04-16 08:14:37,197 - apscheduler.scheduler - INFO - Adding job tentatively -- it will be properly scheduled when the scheduler starts
2025-04-16 08:14:37,198 - apscheduler.scheduler - INFO - Added job "daily_puzzle" to job store "default"
2025-04-16 08:14:37,198 - apscheduler.scheduler - INFO - Scheduler started
2025-04-16 08:14:37,198 - safari_buddy.puzzle - INFO - Daily puzzle scheduler started, will post at 09:00 Africa/Johannesburg
2025-04-16 08:14:37,199 - safari_buddy - INFO - Loaded event extension: puzzle
2025-04-16 08:14:37,200 - safari_buddy - INFO - Loaded event extension: reactions
2025-04-16 08:14:37,201 - safari_buddy - INFO - Loaded event extension: welcome
2025-04-16 08:14:37,516 - safari_buddy.api - INFO - API server running at http://0.0.0.0:8000
2025-04-16 08:14:37,516 - safari_buddy.api - INFO - API server started on 0.0.0.0:8000
2025-04-16 08:14:37,517 - safari_buddy - INFO - Loaded API extension
2025-04-16 08:14:37,517 - discord.client - INFO - logging in using static token
2025-04-16 08:14:38,490 - discord.gateway - INFO - Shard ID None has sent the IDENTIFY payload.
2025-04-16 08:14:38,802 - discord.gateway - INFO - Shard ID None has connected to Gateway: ["gateway-prd-us-east1-c-rdb5",{"micros":80242,"calls":["id_created",{"micros":1011,"calls":[]},"session_lookup_time",{"micros":382,"calls":[]},"session_lookup_finished",{"micros":19,"calls":[]},"discord-sessions-prd-2-68",{"micros":76772,"calls":["start_session",{"micros":39429,"calls":["discord-api-rpc-798fcb9cdd-mffxl",{"micros":32859,"calls":["get_user",{"micros":5729},"get_guilds",{"micros":2312},"send_scheduled_deletion_message",{"micros":5},"guild_join_requests",{"micros":504},"authorized_ip_coro",{"micros":9},"pending_payments",{"micros":483},"apex_user_experiments",{"micros":1}]}]},"starting_guild_connect",{"micros":50,"calls":[]},"presence_started",{"micros":14438,"calls":[]},"guilds_started",{"micros":60,"calls":[]},"lobbies_started",{"micros":1,"calls":[]},"guilds_connect",{"micros":1,"calls":[]},"presence_connect",{"micros":22759,"calls":[]},"connect_finished",{"micros":22763,"calls":[]},"build_ready",{"micros":28,"calls":[]},"clean_ready",{"micros":1,"calls":[]},"optimize_ready",{"micros":0,"calls":[]},"split_ready",{"micros":0,"calls":[]}]}]}] (Session ID: 990b86fab6e1ba9b2c3b09794596d3c3).
2025-04-16 08:14:40,805 - safari_buddy - INFO - Logged in as safari-buddy (1361879071885361194)
2025-04-16 08:14:40,805 - safari_buddy.api - INFO - API is available at http://0.0.0.0:8000
2025-04-16 08:14:41,624 - safari_buddy - INFO - Command sync completed, but no commands were returned
2025-04-16 08:14:41,625 - safari_buddy - INFO - Bot is ready!
2025-04-16 08:18:58,899 - discord.gateway - INFO - Websocket closed with 4003, attempting a reconnect.
2025-04-16 08:18:58,900 - discord.client - INFO - Got a request to RESUME the websocket.
2025-04-16 08:18:58,900 - discord.gateway - INFO - Websocket closed with 4003, attempting a reconnect.
2025-04-16 08:18:58,907 - discord.client - INFO - Got a request to RESUME the websocket.
2025-04-16 08:18:59,469 - discord.gateway - INFO - Shard ID None has sent the RESUME payload.
2025-04-16 08:18:59,469 - discord.gateway - INFO - Shard ID None has sent the RESUME payload.
2025-04-16 08:18:59,692 - discord.gateway - INFO - Shard ID None session has been invalidated.
2025-04-16 08:18:59,698 - discord.gateway - INFO - Shard ID None session has been invalidated.
2025-04-16 08:18:59,912 - discord.client - INFO - Got a request to IDENTIFY the websocket.
2025-04-16 08:18:59,922 - discord.client - INFO - Got a request to IDENTIFY the websocket.
2025-04-16 08:19:05,297 - discord.gateway - INFO - Shard ID None has sent the IDENTIFY payload.
2025-04-16 08:19:05,440 - discord.gateway - INFO - Shard ID None has sent the IDENTIFY payload.
2025-04-16 08:19:05,534 - discord.gateway - INFO - Websocket closed with 4004, cannot reconnect.
2025-04-16 08:19:05,552 - safari_buddy - ERROR - An unexpected error occurred: Shard ID None WebSocket closed with 4004
Traceback (most recent call last):
  File "/home/begati/Desktop/safari-buddy/main.py", line 86, in <module>
  File "/home/begati/anaconda3/lib/python3.12/asyncio/runners.py", line 194, in run
    return runner.run(main)
           ^^^^^^^^^^^^^^^^
  File "/home/begati/anaconda3/lib/python3.12/asyncio/runners.py", line 118, in run
    return self._loop.run_until_complete(task)
           ^^^^^^^^^^^^^^^^^^^^^^^^^^^^^^^^^^^
  File "/home/begati/anaconda3/lib/python3.12/asyncio/base_events.py", line 687, in run_until_complete
    return future.result()
           ^^^^^^^^^^^^^^^
  File "/home/begati/Desktop/safari-buddy/main.py", line 78, in main
    async with bot:
        ^^^^^^^^^^^^
  File "/home/begati/anaconda3/lib/python3.12/site-packages/discord/client.py", line 725, in start
    await self.connect(reconnect=reconnect)
  File "/home/begati/anaconda3/lib/python3.12/site-packages/discord/client.py", line 617, in connect
    await self.ws.poll_event()
  File "/home/begati/anaconda3/lib/python3.12/site-packages/discord/gateway.py", line 630, in poll_event
    raise ConnectionClosed(
discord.errors.ConnectionClosed: Shard ID None WebSocket closed with 4004
2025-04-16 08:19:05,748 - discord.gateway - INFO - Websocket closed with 4004, cannot reconnect.
2025-04-16 08:19:05,755 - safari_buddy - ERROR - An unexpected error occurred: Shard ID None WebSocket closed with 4004
Traceback (most recent call last):
  File "/home/begati/Desktop/safari-buddy/main.py", line 86, in <module>
  File "/usr/lib/python3.10/asyncio/runners.py", line 44, in run
    return loop.run_until_complete(main)
  File "/usr/lib/python3.10/asyncio/base_events.py", line 649, in run_until_complete
    return future.result()
  File "/home/begati/Desktop/safari-buddy/main.py", line 78, in main
    async with bot:
  File "/home/begati/Desktop/safari-buddy/.venv/lib/python3.10/site-packages/discord/client.py", line 725, in start
    await self.connect(reconnect=reconnect)
  File "/home/begati/Desktop/safari-buddy/.venv/lib/python3.10/site-packages/discord/client.py", line 617, in connect
    await self.ws.poll_event()
  File "/home/begati/Desktop/safari-buddy/.venv/lib/python3.10/site-packages/discord/gateway.py", line 630, in poll_event
    raise ConnectionClosed(
discord.errors.ConnectionClosed: Shard ID None WebSocket closed with 4004
2025-04-16 08:19:23,606 - discord.client - WARNING - PyNaCl is not installed, voice will NOT be supported
2025-04-16 08:19:23,610 - safari_buddy - INFO - Loaded command extension: general
2025-04-16 08:19:23,615 - safari_buddy.twitch - WARNING - Twitch credentials not provided or are default values. Live notifications disabled.
2025-04-16 08:19:23,616 - safari_buddy - INFO - Loaded event extension: twitch
2025-04-16 08:19:23,616 - safari_buddy - INFO - Loaded event extension: logging
2025-04-16 08:19:23,640 - apscheduler.scheduler - INFO - Adding job tentatively -- it will be properly scheduled when the scheduler starts
2025-04-16 08:19:23,641 - apscheduler.scheduler - INFO - Added job "daily_puzzle" to job store "default"
2025-04-16 08:19:23,641 - apscheduler.scheduler - INFO - Scheduler started
2025-04-16 08:19:23,641 - safari_buddy.puzzle - INFO - Daily puzzle scheduler started, will post at 09:00 Africa/Johannesburg
2025-04-16 08:19:23,641 - safari_buddy - INFO - Loaded event extension: puzzle
2025-04-16 08:19:23,642 - safari_buddy - INFO - Loaded event extension: reactions
2025-04-16 08:19:23,643 - safari_buddy - INFO - Loaded event extension: welcome
2025-04-16 08:19:23,870 - safari_buddy.api - INFO - API server running at http://0.0.0.0:8000
2025-04-16 08:19:23,870 - safari_buddy.api - INFO - API server started on 0.0.0.0:8000
2025-04-16 08:19:23,870 - safari_buddy - INFO - Loaded API extension
2025-04-16 08:19:23,870 - discord.client - INFO - logging in using static token
2025-04-16 08:19:24,344 - safari_buddy - ERROR - An unexpected error occurred: Improper token has been passed.
Traceback (most recent call last):
  File "/home/begati/Desktop/safari-buddy/.venv/lib/python3.10/site-packages/discord/http.py", line 421, in static_login
    data = await self.request(Route("GET", "/users/@me"))
  File "/home/begati/Desktop/safari-buddy/.venv/lib/python3.10/site-packages/discord/http.py", line 374, in request
    raise HTTPException(response, data)
discord.errors.HTTPException: 401 Unauthorized (error code: 0): 401: Unauthorized

The above exception was the direct cause of the following exception:

Traceback (most recent call last):
  File "/home/begati/Desktop/safari-buddy/main.py", line 88, in <module>
    asyncio.run(main())
  File "/usr/lib/python3.10/asyncio/runners.py", line 44, in run
    return loop.run_until_complete(main)
  File "/usr/lib/python3.10/asyncio/base_events.py", line 649, in run_until_complete
    return future.result()
  File "/home/begati/Desktop/safari-buddy/main.py", line 80, in main
    await bot.start(TOKEN)
  File "/home/begati/Desktop/safari-buddy/.venv/lib/python3.10/site-packages/discord/client.py", line 724, in start
    await self.login(token)
  File "/home/begati/Desktop/safari-buddy/.venv/lib/python3.10/site-packages/discord/client.py", line 578, in login
    data = await self.http.static_login(token.strip())
  File "/home/begati/Desktop/safari-buddy/.venv/lib/python3.10/site-packages/discord/http.py", line 425, in static_login
    raise LoginFailure("Improper token has been passed.") from exc
discord.errors.LoginFailure: Improper token has been passed.
2025-04-16 08:20:08,790 - discord.client - WARNING - PyNaCl is not installed, voice will NOT be supported
2025-04-16 08:20:08,796 - safari_buddy - INFO - Loaded command extension: general
2025-04-16 08:20:08,800 - safari_buddy.twitch - WARNING - Twitch credentials not provided or are default values. Live notifications disabled.
2025-04-16 08:20:08,800 - safari_buddy - INFO - Loaded event extension: twitch
2025-04-16 08:20:08,801 - safari_buddy - INFO - Loaded event extension: logging
2025-04-16 08:20:08,828 - apscheduler.scheduler - INFO - Adding job tentatively -- it will be properly scheduled when the scheduler starts
2025-04-16 08:20:08,828 - apscheduler.scheduler - INFO - Added job "daily_puzzle" to job store "default"
2025-04-16 08:20:08,828 - apscheduler.scheduler - INFO - Scheduler started
2025-04-16 08:20:08,828 - safari_buddy.puzzle - INFO - Daily puzzle scheduler started, will post at 09:00 Africa/Johannesburg
2025-04-16 08:20:08,829 - safari_buddy - INFO - Loaded event extension: puzzle
2025-04-16 08:20:08,830 - safari_buddy - INFO - Loaded event extension: reactions
2025-04-16 08:20:08,830 - safari_buddy - INFO - Loaded event extension: welcome
2025-04-16 08:20:09,075 - safari_buddy.api - INFO - API server running at http://0.0.0.0:8000
2025-04-16 08:20:09,075 - safari_buddy.api - INFO - API server started on 0.0.0.0:8000
2025-04-16 08:20:09,075 - safari_buddy - INFO - Loaded API extension
2025-04-16 08:20:09,075 - discord.client - INFO - logging in using static token
2025-04-16 08:20:09,555 - safari_buddy - ERROR - An unexpected error occurred: Improper token has been passed.
Traceback (most recent call last):
  File "/home/begati/Desktop/safari-buddy/.venv/lib/python3.10/site-packages/discord/http.py", line 421, in static_login
    data = await self.request(Route("GET", "/users/@me"))
  File "/home/begati/Desktop/safari-buddy/.venv/lib/python3.10/site-packages/discord/http.py", line 374, in request
    raise HTTPException(response, data)
discord.errors.HTTPException: 401 Unauthorized (error code: 0): 401: Unauthorized

The above exception was the direct cause of the following exception:

Traceback (most recent call last):
  File "/home/begati/Desktop/safari-buddy/main.py", line 88, in <module>
    asyncio.run(main())
  File "/usr/lib/python3.10/asyncio/runners.py", line 44, in run
    return loop.run_until_complete(main)
  File "/usr/lib/python3.10/asyncio/base_events.py", line 649, in run_until_complete
    return future.result()
  File "/home/begati/Desktop/safari-buddy/main.py", line 80, in main
    await bot.start(TOKEN)
  File "/home/begati/Desktop/safari-buddy/.venv/lib/python3.10/site-packages/discord/client.py", line 724, in start
    await self.login(token)
  File "/home/begati/Desktop/safari-buddy/.venv/lib/python3.10/site-packages/discord/client.py", line 578, in login
    data = await self.http.static_login(token.strip())
  File "/home/begati/Desktop/safari-buddy/.venv/lib/python3.10/site-packages/discord/http.py", line 425, in static_login
    raise LoginFailure("Improper token has been passed.") from exc
discord.errors.LoginFailure: Improper token has been passed.
2025-04-16 08:20:23,096 - discord.client - WARNING - PyNaCl is not installed, voice will NOT be supported
2025-04-16 08:20:23,102 - safari_buddy - INFO - Loaded command extension: general
2025-04-16 08:20:23,106 - safari_buddy.twitch - WARNING - Twitch credentials not provided or are default values. Live notifications disabled.
2025-04-16 08:20:23,106 - safari_buddy - INFO - Loaded event extension: twitch
2025-04-16 08:20:23,107 - safari_buddy - INFO - Loaded event extension: logging
2025-04-16 08:20:23,136 - apscheduler.scheduler - INFO - Adding job tentatively -- it will be properly scheduled when the scheduler starts
2025-04-16 08:20:23,137 - apscheduler.scheduler - INFO - Added job "daily_puzzle" to job store "default"
2025-04-16 08:20:23,137 - apscheduler.scheduler - INFO - Scheduler started
2025-04-16 08:20:23,137 - safari_buddy.puzzle - INFO - Daily puzzle scheduler started, will post at 09:00 Africa/Johannesburg
2025-04-16 08:20:23,138 - safari_buddy - INFO - Loaded event extension: puzzle
2025-04-16 08:20:23,139 - safari_buddy - INFO - Loaded event extension: reactions
2025-04-16 08:20:23,140 - safari_buddy - INFO - Loaded event extension: welcome
2025-04-16 08:20:23,485 - safari_buddy.api - INFO - API server running at http://0.0.0.0:8000
2025-04-16 08:20:23,485 - safari_buddy.api - INFO - API server started on 0.0.0.0:8000
2025-04-16 08:20:23,485 - safari_buddy - INFO - Loaded API extension
2025-04-16 08:20:23,485 - discord.client - INFO - logging in using static token
2025-04-16 08:20:23,959 - safari_buddy - ERROR - An unexpected error occurred: Improper token has been passed.
Traceback (most recent call last):
  File "/home/begati/Desktop/safari-buddy/.venv/lib/python3.10/site-packages/discord/http.py", line 421, in static_login
    data = await self.request(Route("GET", "/users/@me"))
  File "/home/begati/Desktop/safari-buddy/.venv/lib/python3.10/site-packages/discord/http.py", line 374, in request
    raise HTTPException(response, data)
discord.errors.HTTPException: 401 Unauthorized (error code: 0): 401: Unauthorized

The above exception was the direct cause of the following exception:

Traceback (most recent call last):
  File "/home/begati/Desktop/safari-buddy/main.py", line 88, in <module>
    asyncio.run(main())
  File "/usr/lib/python3.10/asyncio/runners.py", line 44, in run
    return loop.run_until_complete(main)
  File "/usr/lib/python3.10/asyncio/base_events.py", line 649, in run_until_complete
    return future.result()
  File "/home/begati/Desktop/safari-buddy/main.py", line 80, in main
    await bot.start(TOKEN)
  File "/home/begati/Desktop/safari-buddy/.venv/lib/python3.10/site-packages/discord/client.py", line 724, in start
    await self.login(token)
  File "/home/begati/Desktop/safari-buddy/.venv/lib/python3.10/site-packages/discord/client.py", line 578, in login
    data = await self.http.static_login(token.strip())
  File "/home/begati/Desktop/safari-buddy/.venv/lib/python3.10/site-packages/discord/http.py", line 425, in static_login
    raise LoginFailure("Improper token has been passed.") from exc
discord.errors.LoginFailure: Improper token has been passed.
2025-04-16 08:20:31,204 - discord.client - WARNING - PyNaCl is not installed, voice will NOT be supported
2025-04-16 08:20:31,211 - safari_buddy - INFO - Loaded command extension: general
2025-04-16 08:20:31,215 - safari_buddy.twitch - WARNING - Twitch credentials not provided or are default values. Live notifications disabled.
2025-04-16 08:20:31,216 - safari_buddy - INFO - Loaded event extension: twitch
2025-04-16 08:20:31,216 - safari_buddy - INFO - Loaded event extension: logging
2025-04-16 08:20:31,243 - apscheduler.scheduler - INFO - Adding job tentatively -- it will be properly scheduled when the scheduler starts
2025-04-16 08:20:31,244 - apscheduler.scheduler - INFO - Added job "daily_puzzle" to job store "default"
2025-04-16 08:20:31,244 - apscheduler.scheduler - INFO - Scheduler started
2025-04-16 08:20:31,245 - safari_buddy.puzzle - INFO - Daily puzzle scheduler started, will post at 09:00 Africa/Johannesburg
2025-04-16 08:20:31,245 - safari_buddy - INFO - Loaded event extension: puzzle
2025-04-16 08:20:31,246 - safari_buddy - INFO - Loaded event extension: reactions
2025-04-16 08:20:31,247 - safari_buddy - INFO - Loaded event extension: welcome
2025-04-16 08:20:31,558 - safari_buddy.api - INFO - API server running at http://0.0.0.0:8000
2025-04-16 08:20:31,558 - safari_buddy.api - INFO - API server started on 0.0.0.0:8000
2025-04-16 08:20:31,559 - safari_buddy - INFO - Loaded API extension
2025-04-16 08:20:31,559 - discord.client - INFO - logging in using static token
2025-04-16 08:20:32,028 - safari_buddy - ERROR - An unexpected error occurred: Improper token has been passed.
Traceback (most recent call last):
  File "/home/begati/Desktop/safari-buddy/.venv/lib/python3.10/site-packages/discord/http.py", line 421, in static_login
    data = await self.request(Route("GET", "/users/@me"))
  File "/home/begati/Desktop/safari-buddy/.venv/lib/python3.10/site-packages/discord/http.py", line 374, in request
    raise HTTPException(response, data)
discord.errors.HTTPException: 401 Unauthorized (error code: 0): 401: Unauthorized

The above exception was the direct cause of the following exception:

Traceback (most recent call last):
  File "/home/begati/Desktop/safari-buddy/main.py", line 88, in <module>
    asyncio.run(main())
  File "/usr/lib/python3.10/asyncio/runners.py", line 44, in run
    return loop.run_until_complete(main)
  File "/usr/lib/python3.10/asyncio/base_events.py", line 649, in run_until_complete
    return future.result()
  File "/home/begati/Desktop/safari-buddy/main.py", line 80, in main
    await bot.start(TOKEN)
  File "/home/begati/Desktop/safari-buddy/.venv/lib/python3.10/site-packages/discord/client.py", line 724, in start
    await self.login(token)
  File "/home/begati/Desktop/safari-buddy/.venv/lib/python3.10/site-packages/discord/client.py", line 578, in login
    data = await self.http.static_login(token.strip())
  File "/home/begati/Desktop/safari-buddy/.venv/lib/python3.10/site-packages/discord/http.py", line 425, in static_login
    raise LoginFailure("Improper token has been passed.") from exc
discord.errors.LoginFailure: Improper token has been passed.
2025-04-16 08:22:09,962 - safari_buddy - INFO - Loaded command extension: general
2025-04-16 08:22:09,966 - safari_buddy.twitch - WARNING - Twitch credentials not provided or are default values. Live notifications disabled.
2025-04-16 08:22:09,966 - safari_buddy - INFO - Loaded event extension: twitch
2025-04-16 08:22:09,967 - safari_buddy - INFO - Loaded event extension: logging
2025-04-16 08:22:10,127 - apscheduler.scheduler - INFO - Adding job tentatively -- it will be properly scheduled when the scheduler starts
2025-04-16 08:22:10,129 - apscheduler.scheduler - INFO - Added job "daily_puzzle" to job store "default"
2025-04-16 08:22:10,129 - apscheduler.scheduler - INFO - Scheduler started
2025-04-16 08:22:10,129 - safari_buddy.puzzle - INFO - Daily puzzle scheduler started, will post at 08:15 Africa/Johannesburg
2025-04-16 08:22:10,129 - safari_buddy - INFO - Loaded event extension: puzzle
2025-04-16 08:22:10,130 - safari_buddy - INFO - Loaded event extension: reactions
2025-04-16 08:22:10,131 - safari_buddy - INFO - Loaded event extension: welcome
2025-04-16 08:22:10,784 - safari_buddy.api - INFO - API server running at http://0.0.0.0:8000
2025-04-16 08:22:10,784 - safari_buddy.api - INFO - API server started on 0.0.0.0:8000
2025-04-16 08:22:10,784 - safari_buddy - INFO - Loaded API extension
2025-04-16 08:22:10,785 - discord.client - INFO - logging in using static token
2025-04-16 08:22:11,711 - discord.gateway - INFO - Shard ID None has sent the IDENTIFY payload.
2025-04-16 08:22:11,992 - discord.gateway - INFO - Shard ID None has connected to Gateway: ["gateway-prd-us-east1-d-mqfl",{"micros":58376,"calls":["id_created",{"micros":451,"calls":[]},"session_lookup_time",{"micros":250,"calls":[]},"session_lookup_finished",{"micros":12,"calls":[]},"discord-sessions-prd-2-165",{"micros":56423,"calls":["start_session",{"micros":47211,"calls":["discord-api-rpc-798fcb9cdd-6chmh",{"micros":38830,"calls":["get_user",{"micros":7054},"get_guilds",{"micros":3546},"send_scheduled_deletion_message",{"micros":7},"guild_join_requests",{"micros":1},"authorized_ip_coro",{"micros":8},"pending_payments",{"micros":659},"apex_user_experiments",{"micros":1}]}]},"starting_guild_connect",{"micros":52,"calls":[]},"presence_started",{"micros":267,"calls":[]},"guilds_started",{"micros":56,"calls":[]},"lobbies_started",{"micros":1,"calls":[]},"guilds_connect",{"micros":1,"calls":[]},"presence_connect",{"micros":8806,"calls":[]},"connect_finished",{"micros":8810,"calls":[]},"build_ready",{"micros":24,"calls":[]},"clean_ready",{"micros":0,"calls":[]},"optimize_ready",{"micros":1,"calls":[]},"split_ready",{"micros":0,"calls":[]}]}]}] (Session ID: bb841d6c3dc13314ee90ff29a9e8b8bf).
2025-04-16 08:22:13,994 - safari_buddy - INFO - Logged in as safari-buddy (1361879071885361194)
2025-04-16 08:22:13,995 - safari_buddy.api - INFO - API is available at http://0.0.0.0:8000
2025-04-16 08:22:18,509 - safari_buddy - INFO - Command sync completed, but no commands were returned
2025-04-16 08:22:18,510 - safari_buddy - INFO - Bot is ready!
2025-04-16 08:22:37,191 - safari_buddy.puzzle - INFO - Successfully fetched daily puzzle: yFBmq
2025-04-16 08:22:38,067 - safari_buddy.puzzle - INFO - Posted puzzle yFBmq via command
2025-04-16 08:23:27,856 - safari_buddy - INFO - Loaded command extension: general
2025-04-16 08:23:27,858 - safari_buddy.twitch - WARNING - Twitch credentials not provided or are default values. Live notifications disabled.
2025-04-16 08:23:27,859 - safari_buddy - INFO - Loaded event extension: twitch
2025-04-16 08:23:27,859 - safari_buddy - INFO - Loaded event extension: logging
2025-04-16 08:23:27,961 - apscheduler.scheduler - INFO - Adding job tentatively -- it will be properly scheduled when the scheduler starts
2025-04-16 08:23:27,962 - apscheduler.scheduler - INFO - Added job "daily_puzzle" to job store "default"
2025-04-16 08:23:27,962 - apscheduler.scheduler - INFO - Scheduler started
2025-04-16 08:23:27,962 - safari_buddy.puzzle - INFO - Daily puzzle scheduler started, will post at 08:24 Africa/Johannesburg
2025-04-16 08:23:27,963 - safari_buddy - INFO - Loaded event extension: puzzle
2025-04-16 08:23:27,963 - safari_buddy - INFO - Loaded event extension: reactions
2025-04-16 08:23:27,964 - safari_buddy - INFO - Loaded event extension: welcome
2025-04-16 08:23:28,308 - safari_buddy.api - INFO - API server running at http://0.0.0.0:8000
2025-04-16 08:23:28,308 - safari_buddy.api - INFO - API server started on 0.0.0.0:8000
2025-04-16 08:23:28,308 - safari_buddy - INFO - Loaded API extension
2025-04-16 08:23:28,308 - discord.client - INFO - logging in using static token
2025-04-16 08:23:29,341 - discord.gateway - INFO - Shard ID None has sent the IDENTIFY payload.
2025-04-16 08:23:29,632 - discord.gateway - INFO - Shard ID None has connected to Gateway: ["gateway-prd-us-east1-d-jvsl",{"micros":66376,"calls":["id_created",{"micros":409,"calls":[]},"session_lookup_time",{"micros":363,"calls":[]},"session_lookup_finished",{"micros":16,"calls":[]},"discord-sessions-prd-2-138",{"micros":64089,"calls":["start_session",{"micros":37681,"calls":["discord-api-rpc-798fcb9cdd-zz75d",{"micros":31686,"calls":["get_user",{"micros":3979},"get_guilds",{"micros":4809},"send_scheduled_deletion_message",{"micros":5},"guild_join_requests",{"micros":0},"authorized_ip_coro",{"micros":8},"pending_payments",{"micros":486},"apex_user_experiments",{"micros":1}]}]},"starting_guild_connect",{"micros":64,"calls":[]},"presence_started",{"micros":7915,"calls":[]},"guilds_started",{"micros":52,"calls":[]},"lobbies_started",{"micros":1,"calls":[]},"guilds_connect",{"micros":1,"calls":[]},"presence_connect",{"micros":18331,"calls":[]},"connect_finished",{"micros":18346,"calls":[]},"build_ready",{"micros":28,"calls":[]},"clean_ready",{"micros":0,"calls":[]},"optimize_ready",{"micros":0,"calls":[]},"split_ready",{"micros":1,"calls":[]}]}]}] (Session ID: 7583e111a7d26a7cfa14b7920cc65536).
2025-04-16 08:23:31,635 - safari_buddy - INFO - Logged in as safari-buddy (1361879071885361194)
2025-04-16 08:23:31,636 - safari_buddy.api - INFO - API is available at http://0.0.0.0:8000
2025-04-16 08:23:32,511 - safari_buddy - INFO - Command sync completed, but no commands were returned
2025-04-16 08:23:32,511 - safari_buddy - INFO - Bot is ready!
2025-04-16 08:24:00,627 - apscheduler.executors.default - INFO - Running job "daily_puzzle (trigger: cron[hour='8', minute='24'], next run at: 2025-04-17 08:24:00 SAST)" (scheduled at 2025-04-16 08:24:00+02:00)
2025-04-16 08:24:01,144 - safari_buddy.puzzle - INFO - Successfully fetched daily puzzle: yFBmq
2025-04-16 08:24:02,093 - safari_buddy.puzzle - INFO - Posted daily puzzle yFBmq to new
2025-04-16 08:24:02,094 - apscheduler.executors.default - INFO - Job "daily_puzzle (trigger: cron[hour='8', minute='24'], next run at: 2025-04-17 08:24:00 SAST)" executed successfully
2025-04-16 08:24:53,053 - safari_buddy - INFO - Loaded command extension: general
2025-04-16 08:24:53,056 - safari_buddy.twitch - WARNING - Twitch credentials not provided or are default values. Live notifications disabled.
2025-04-16 08:24:53,056 - safari_buddy - INFO - Loaded event extension: twitch
2025-04-16 08:24:53,056 - safari_buddy - INFO - Loaded event extension: logging
2025-04-16 08:24:53,152 - apscheduler.scheduler - INFO - Adding job tentatively -- it will be properly scheduled when the scheduler starts
2025-04-16 08:24:53,153 - apscheduler.scheduler - INFO - Added job "daily_puzzle" to job store "default"
2025-04-16 08:24:53,153 - apscheduler.scheduler - INFO - Scheduler started
2025-04-16 08:24:53,153 - safari_buddy.puzzle - INFO - Daily puzzle scheduler started, will post at 08:25 Africa/Johannesburg
2025-04-16 08:24:53,153 - safari_buddy - INFO - Loaded event extension: puzzle
2025-04-16 08:24:53,154 - safari_buddy - INFO - Loaded event extension: reactions
2025-04-16 08:24:53,154 - safari_buddy - INFO - Loaded event extension: welcome
2025-04-16 08:24:53,456 - safari_buddy.api - INFO - API server running at http://0.0.0.0:8000
2025-04-16 08:24:53,456 - safari_buddy.api - INFO - API server started on 0.0.0.0:8000
2025-04-16 08:24:53,456 - safari_buddy - INFO - Loaded API extension
2025-04-16 08:24:53,456 - discord.client - INFO - logging in using static token
2025-04-16 08:24:54,543 - discord.gateway - INFO - Shard ID None has sent the IDENTIFY payload.
2025-04-16 08:24:54,917 - discord.gateway - INFO - Shard ID None has connected to Gateway: ["gateway-prd-us-east1-c-1jjs",{"micros":81059,"calls":["id_created",{"micros":393,"calls":[]},"session_lookup_time",{"micros":289,"calls":[]},"session_lookup_finished",{"micros":18,"calls":[]},"discord-sessions-prd-2-17",{"micros":78830,"calls":["start_session",{"micros":37918,"calls":["discord-api-rpc-798fcb9cdd-4jfgn",{"micros":30970,"calls":["get_user",{"micros":6822},"get_guilds",{"micros":2447},"send_scheduled_deletion_message",{"micros":5},"guild_join_requests",{"micros":1},"authorized_ip_coro",{"micros":7},"pending_payments",{"micros":461},"apex_user_experiments",{"micros":1}]}]},"starting_guild_connect",{"micros":54,"calls":[]},"presence_started",{"micros":5252,"calls":[]},"guilds_started",{"micros":72,"calls":[]},"lobbies_started",{"micros":1,"calls":[]},"guilds_connect",{"micros":1,"calls":[]},"presence_connect",{"micros":35499,"calls":[]},"connect_finished",{"micros":35503,"calls":[]},"build_ready",{"micros":27,"calls":[]},"clean_ready",{"micros":1,"calls":[]},"optimize_ready",{"micros":0,"calls":[]},"split_ready",{"micros":1,"calls":[]}]}]}] (Session ID: b099d6669acadf8a4fa9b47ccb12120b).
2025-04-16 08:24:56,923 - safari_buddy - INFO - Logged in as safari-buddy (1361879071885361194)
2025-04-16 08:24:56,924 - safari_buddy.api - INFO - API is available at http://0.0.0.0:8000
2025-04-16 08:24:58,056 - safari_buddy - INFO - Command sync completed, but no commands were returned
2025-04-16 08:24:58,056 - safari_buddy - INFO - Bot is ready!
2025-04-16 08:25:00,001 - apscheduler.executors.default - INFO - Running job "daily_puzzle (trigger: cron[hour='8', minute='25'], next run at: 2025-04-17 08:25:00 SAST)" (scheduled at 2025-04-16 08:25:00+02:00)
2025-04-16 08:25:01,186 - safari_buddy.puzzle - INFO - Successfully fetched daily puzzle: yFBmq
2025-04-16 08:25:02,089 - safari_buddy.puzzle - INFO - Posted daily puzzle yFBmq to puzzzles-or-puzzle-battles
2025-04-16 08:25:02,090 - apscheduler.executors.default - INFO - Job "daily_puzzle (trigger: cron[hour='8', minute='25'], next run at: 2025-04-17 08:25:00 SAST)" executed successfully
